
::1 - - [17/Jun/2020:15:48:17 +0000] "GET /article/5ee926de562d083814ca62c HTTP/1.1" 500 41 "-" "Mozilla/5.0 (Windows NT 10.0; Win64; x64) AppleWebKit/537.36 (KHTML, like Gecko) Chrome/83.0.4103.97 Safari/537.36"
::1 - - [17/Jun/2020:15:55:49 +0000] "GET /articless HTTP/1.1" 404 148 "-" "Mozilla/5.0 (Windows NT 10.0; Win64; x64) AppleWebKit/537.36 (KHTML, like Gecko) Chrome/83.0.4103.97 Safari/537.36"
::1 - - [17/Jun/2020:16:10:42 +0000] "POST /projects HTTP/1.1" 400 118 "-" "Mozilla/5.0 (Windows NT 10.0; Win64; x64) AppleWebKit/537.36 (KHTML, like Gecko) Chrome/83.0.4103.97 Safari/537.36"
::1 - - [17/Jun/2020:16:24:20 +0000] "POST /projects HTTP/1.1" 400 135 "-" "Mozilla/5.0 (Windows NT 10.0; Win64; x64) AppleWebKit/537.36 (KHTML, like Gecko) Chrome/83.0.4103.97 Safari/537.36"
::1 - - [17/Jun/2020:17:12:24 +0000] "GET /projects HTTP/1.1" 401 32 "http://localhost:3000/node" "Mozilla/5.0 (Windows NT 10.0; Win64; x64) AppleWebKit/537.36 (KHTML, like Gecko) Chrome/83.0.4103.97 Safari/537.36"
::1 - - [17/Jun/2020:17:13:57 +0000] "GET /projects HTTP/1.1" 401 32 "http://localhost:3000/node" "Mozilla/5.0 (Windows NT 10.0; Win64; x64) AppleWebKit/537.36 (KHTML, like Gecko) Chrome/83.0.4103.97 Safari/537.36"
::1 - - [17/Jun/2020:17:14:09 +0000] "GET /projects HTTP/1.1" 401 32 "http://localhost:3000/node" "Mozilla/5.0 (Windows NT 10.0; Win64; x64) AppleWebKit/537.36 (KHTML, like Gecko) Chrome/83.0.4103.97 Safari/537.36"
::1 - - [17/Jun/2020:17:15:39 +0000] "GET /projects HTTP/1.1" 401 32 "http://localhost:3000/node" "Mozilla/5.0 (Windows NT 10.0; Win64; x64) AppleWebKit/537.36 (KHTML, like Gecko) Chrome/83.0.4103.97 Safari/537.36"
::1 - - [17/Jun/2020:17:18:32 +0000] "GET /favicon.ico HTTP/1.1" 404 150 "http://localhost:3001/projects" "Mozilla/5.0 (Windows NT 10.0; Win64; x64) AppleWebKit/537.36 (KHTML, like Gecko) Chrome/83.0.4103.97 Safari/537.36"
::1 - - [22/Jun/2020:16:20:18 +0000] "POST /projects HTTP/1.1" 400 374 "-" "Mozilla/5.0 (Windows NT 10.0; Win64; x64) AppleWebKit/537.36 (KHTML, like Gecko) Chrome/83.0.4103.97 Safari/537.36"
::1 - - [22/Jun/2020:16:21:41 +0000] "POST /projects HTTP/1.1" 400 148 "-" "Mozilla/5.0 (Windows NT 10.0; Win64; x64) AppleWebKit/537.36 (KHTML, like Gecko) Chrome/83.0.4103.97 Safari/537.36"
::1 - - [22/Jun/2020:16:22:07 +0000] "POST /projects HTTP/1.1" 400 148 "-" "Mozilla/5.0 (Windows NT 10.0; Win64; x64) AppleWebKit/537.36 (KHTML, like Gecko) Chrome/83.0.4103.97 Safari/537.36"
::1 - - [22/Jun/2020:16:28:26 +0000] "POST /projects HTTP/1.1" 400 3346 "-" "Mozilla/5.0 (Windows NT 10.0; Win64; x64) AppleWebKit/537.36 (KHTML, like Gecko) Chrome/83.0.4103.97 Safari/537.36"
::1 - - [22/Jun/2020:16:31:52 +0000] "POST /projects HTTP/1.1" 400 2839 "-" "Mozilla/5.0 (Windows NT 10.0; Win64; x64) AppleWebKit/537.36 (KHTML, like Gecko) Chrome/83.0.4103.97 Safari/537.36"
::ffff:127.0.0.1 - - [22/Jun/2020:16:32:15 +0000] "POST /projects HTTP/1.1" 400 569 "-" "Mozilla/5.0 (Windows NT 10.0; Win64; x64) AppleWebKit/537.36 (KHTML, like Gecko) Chrome/83.0.4103.97 Safari/537.36"
::1 - - [22/Jun/2020:16:58:12 +0000] "GET /articless HTTP/1.1" 404 148 "-" "Mozilla/5.0 (Windows NT 10.0; Win64; x64) AppleWebKit/537.36 (KHTML, like Gecko) Chrome/83.0.4103.97 Safari/537.36"
::1 - - [22/Jun/2020:18:37:49 +0000] "POST /projects HTTP/1.1" 400 113 "-" "Mozilla/5.0 (Windows NT 10.0; Win64; x64) AppleWebKit/537.36 (KHTML, like Gecko) Chrome/83.0.4103.97 Safari/537.36"
::1 - - [22/Jun/2020:18:38:18 +0000] "POST /projects HTTP/1.1" 400 113 "-" "Mozilla/5.0 (Windows NT 10.0; Win64; x64) AppleWebKit/537.36 (KHTML, like Gecko) Chrome/83.0.4103.97 Safari/537.36"
::1 - - [22/Jun/2020:18:46:26 +0000] "POST /projects HTTP/1.1" 400 139 "-" "Mozilla/5.0 (Windows NT 10.0; Win64; x64) AppleWebKit/537.36 (KHTML, like Gecko) Chrome/83.0.4103.97 Safari/537.36"
::1 - - [22/Jun/2020:18:46:50 +0000] "POST /projects HTTP/1.1" 400 140 "-" "Mozilla/5.0 (Windows NT 10.0; Win64; x64) AppleWebKit/537.36 (KHTML, like Gecko) Chrome/83.0.4103.97 Safari/537.36"
::1 - - [22/Jun/2020:18:48:39 +0000] "POST /projects HTTP/1.1" 400 150 "-" "Mozilla/5.0 (Windows NT 10.0; Win64; x64) AppleWebKit/537.36 (KHTML, like Gecko) Chrome/83.0.4103.97 Safari/537.36"
::1 - - [22/Jun/2020:18:55:05 +0000] "POST /projects HTTP/1.1" 400 2839 "-" "Mozilla/5.0 (Windows NT 10.0; Win64; x64) AppleWebKit/537.36 (KHTML, like Gecko) Chrome/83.0.4103.97 Safari/537.36"
::1 - - [22/Jun/2020:18:59:49 +0000] "POST /projects HTTP/1.1" 400 2839 "-" "Mozilla/5.0 (Windows NT 10.0; Win64; x64) AppleWebKit/537.36 (KHTML, like Gecko) Chrome/83.0.4103.97 Safari/537.36"
::1 - - [22/Jun/2020:18:59:57 +0000] "POST /projects HTTP/1.1" 400 2839 "-" "Mozilla/5.0 (Windows NT 10.0; Win64; x64) AppleWebKit/537.36 (KHTML, like Gecko) Chrome/83.0.4103.97 Safari/537.36"
::1 - - [22/Jun/2020:19:01:28 +0000] "POST /projects HTTP/1.1" 400 693 "-" "Mozilla/5.0 (Windows NT 10.0; Win64; x64) AppleWebKit/537.36 (KHTML, like Gecko) Chrome/83.0.4103.97 Safari/537.36"
::1 - - [22/Jun/2020:19:02:34 +0000] "POST /projects HTTP/1.1" 400 693 "-" "Mozilla/5.0 (Windows NT 10.0; Win64; x64) AppleWebKit/537.36 (KHTML, like Gecko) Chrome/83.0.4103.97 Safari/537.36"
::1 - - [22/Jun/2020:19:04:04 +0000] "POST /projects HTTP/1.1" 400 2839 "-" "Mozilla/5.0 (Windows NT 10.0; Win64; x64) AppleWebKit/537.36 (KHTML, like Gecko) Chrome/83.0.4103.97 Safari/537.36"
::1 - - [22/Jun/2020:19:05:52 +0000] "POST /projects HTTP/1.1" 400 2839 "-" "Mozilla/5.0 (Windows NT 10.0; Win64; x64) AppleWebKit/537.36 (KHTML, like Gecko) Chrome/83.0.4103.97 Safari/537.36"
::1 - - [22/Jun/2020:19:06:32 +0000] "POST /projects HTTP/1.1" 400 2839 "-" "Mozilla/5.0 (Windows NT 10.0; Win64; x64) AppleWebKit/537.36 (KHTML, like Gecko) Chrome/83.0.4103.97 Safari/537.36"
::1 - - [22/Jun/2020:19:10:27 +0000] "POST /projects HTTP/1.1" 400 2839 "-" "Mozilla/5.0 (Windows NT 10.0; Win64; x64) AppleWebKit/537.36 (KHTML, like Gecko) Chrome/83.0.4103.97 Safari/537.36"
::1 - - [22/Jun/2020:19:10:54 +0000] "POST /projects HTTP/1.1" 400 2839 "-" "Mozilla/5.0 (Windows NT 10.0; Win64; x64) AppleWebKit/537.36 (KHTML, like Gecko) Chrome/83.0.4103.97 Safari/537.36"
::1 - - [22/Jun/2020:19:12:42 +0000] "POST /projects HTTP/1.1" 400 2839 "-" "Mozilla/5.0 (Windows NT 10.0; Win64; x64) AppleWebKit/537.36 (KHTML, like Gecko) Chrome/83.0.4103.97 Safari/537.36"
::1 - - [22/Jun/2020:19:12:58 +0000] "POST /projects HTTP/1.1" 400 3467 "-" "Mozilla/5.0 (Windows NT 10.0; Win64; x64) AppleWebKit/537.36 (KHTML, like Gecko) Chrome/83.0.4103.97 Safari/537.36"
::1 - - [22/Jun/2020:19:17:13 +0000] "POST /projects HTTP/1.1" 400 139 "-" "Mozilla/5.0 (Windows NT 10.0; Win64; x64) AppleWebKit/537.36 (KHTML, like Gecko) Chrome/83.0.4103.97 Safari/537.36"
::1 - - [22/Jun/2020:19:19:09 +0000] "POST /projects HTTP/1.1" 400 3455 "-" "Mozilla/5.0 (Windows NT 10.0; Win64; x64) AppleWebKit/537.36 (KHTML, like Gecko) Chrome/83.0.4103.97 Safari/537.36"
::1 - - [22/Jun/2020:19:19:50 +0000] "POST /projects HTTP/1.1" 400 690 "-" "Mozilla/5.0 (Windows NT 10.0; Win64; x64) AppleWebKit/537.36 (KHTML, like Gecko) Chrome/83.0.4103.97 Safari/537.36"
::1 - - [22/Jun/2020:19:21:08 +0000] "POST /projects HTTP/1.1" 400 2839 "-" "Mozilla/5.0 (Windows NT 10.0; Win64; x64) AppleWebKit/537.36 (KHTML, like Gecko) Chrome/83.0.4103.97 Safari/537.36"
::1 - - [22/Jun/2020:19:21:43 +0000] "POST /projects HTTP/1.1" 400 2839 "-" "Mozilla/5.0 (Windows NT 10.0; Win64; x64) AppleWebKit/537.36 (KHTML, like Gecko) Chrome/83.0.4103.97 Safari/537.36"
::1 - - [22/Jun/2020:19:22:44 +0000] "POST /projects HTTP/1.1" 400 690 "-" "Mozilla/5.0 (Windows NT 10.0; Win64; x64) AppleWebKit/537.36 (KHTML, like Gecko) Chrome/83.0.4103.97 Safari/537.36"
::1 - - [22/Jun/2020:19:23:31 +0000] "POST /projects HTTP/1.1" 400 690 "-" "Mozilla/5.0 (Windows NT 10.0; Win64; x64) AppleWebKit/537.36 (KHTML, like Gecko) Chrome/83.0.4103.97 Safari/537.36"
::1 - - [22/Jun/2020:19:24:45 +0000] "POST /projects HTTP/1.1" 400 2839 "-" "Mozilla/5.0 (Windows NT 10.0; Win64; x64) AppleWebKit/537.36 (KHTML, like Gecko) Chrome/83.0.4103.97 Safari/537.36"
::1 - - [22/Jun/2020:19:25:00 +0000] "POST /projects HTTP/1.1" 400 690 "-" "Mozilla/5.0 (Windows NT 10.0; Win64; x64) AppleWebKit/537.36 (KHTML, like Gecko) Chrome/83.0.4103.97 Safari/537.36"
::1 - - [22/Jun/2020:19:25:52 +0000] "POST /projects HTTP/1.1" 400 2839 "-" "Mozilla/5.0 (Windows NT 10.0; Win64; x64) AppleWebKit/537.36 (KHTML, like Gecko) Chrome/83.0.4103.97 Safari/537.36"
::1 - - [22/Jun/2020:19:26:10 +0000] "POST /projects HTTP/1.1" 400 2839 "-" "Mozilla/5.0 (Windows NT 10.0; Win64; x64) AppleWebKit/537.36 (KHTML, like Gecko) Chrome/83.0.4103.97 Safari/537.36"
::1 - - [22/Jun/2020:19:28:45 +0000] "POST /projects HTTP/1.1" 400 2839 "-" "Mozilla/5.0 (Windows NT 10.0; Win64; x64) AppleWebKit/537.36 (KHTML, like Gecko) Chrome/83.0.4103.97 Safari/537.36"
::1 - - [22/Jun/2020:19:29:50 +0000] "POST /projects HTTP/1.1" 400 2839 "-" "Mozilla/5.0 (Windows NT 10.0; Win64; x64) AppleWebKit/537.36 (KHTML, like Gecko) Chrome/83.0.4103.97 Safari/537.36"
::1 - - [22/Jun/2020:19:32:04 +0000] "POST /projects HTTP/1.1" 400 2839 "-" "Mozilla/5.0 (Windows NT 10.0; Win64; x64) AppleWebKit/537.36 (KHTML, like Gecko) Chrome/83.0.4103.97 Safari/537.36"
::1 - - [22/Jun/2020:19:33:11 +0000] "POST /projects HTTP/1.1" 400 693 "-" "Mozilla/5.0 (Windows NT 10.0; Win64; x64) AppleWebKit/537.36 (KHTML, like Gecko) Chrome/83.0.4103.97 Safari/537.36"
::1 - - [22/Jun/2020:19:36:07 +0000] "POST /projects HTTP/1.1" 400 2839 "-" "Mozilla/5.0 (Windows NT 10.0; Win64; x64) AppleWebKit/537.36 (KHTML, like Gecko) Chrome/83.0.4103.97 Safari/537.36"
::1 - - [22/Jun/2020:19:36:27 +0000] "POST /projects HTTP/1.1" 400 2839 "-" "Mozilla/5.0 (Windows NT 10.0; Win64; x64) AppleWebKit/537.36 (KHTML, like Gecko) Chrome/83.0.4103.97 Safari/537.36"
::1 - - [22/Jun/2020:19:37:00 +0000] "POST /projects HTTP/1.1" 400 885 "-" "Mozilla/5.0 (Windows NT 10.0; Win64; x64) AppleWebKit/537.36 (KHTML, like Gecko) Chrome/83.0.4103.97 Safari/537.36"
::1 - - [22/Jun/2020:20:00:03 +0000] "POST /projects HTTP/1.1" 400 1134 "-" "Mozilla/5.0 (Windows NT 10.0; Win64; x64) AppleWebKit/537.36 (KHTML, like Gecko) Chrome/83.0.4103.97 Safari/537.36"
::1 - - [22/Jun/2020:20:01:34 +0000] "POST /projects HTTP/1.1" 400 2845 "-" "Mozilla/5.0 (Windows NT 10.0; Win64; x64) AppleWebKit/537.36 (KHTML, like Gecko) Chrome/83.0.4103.97 Safari/537.36"
::1 - - [22/Jun/2020:20:22:41 +0000] "POST /projects HTTP/1.1" 400 2839 "-" "Mozilla/5.0 (Windows NT 10.0; Win64; x64) AppleWebKit/537.36 (KHTML, like Gecko) Chrome/83.0.4103.97 Safari/537.36"
::1 - - [22/Jun/2020:20:24:19 +0000] "POST /projects HTTP/1.1" 400 2839 "-" "Mozilla/5.0 (Windows NT 10.0; Win64; x64) AppleWebKit/537.36 (KHTML, like Gecko) Chrome/83.0.4103.97 Safari/537.36"
::1 - - [22/Jun/2020:20:24:36 +0000] "POST /projects HTTP/1.1" 400 3467 "-" "Mozilla/5.0 (Windows NT 10.0; Win64; x64) AppleWebKit/537.36 (KHTML, like Gecko) Chrome/83.0.4103.97 Safari/537.36"
::1 - - [22/Jun/2020:20:25:39 +0000] "POST /projects HTTP/1.1" 400 3467 "-" "Mozilla/5.0 (Windows NT 10.0; Win64; x64) AppleWebKit/537.36 (KHTML, like Gecko) Chrome/83.0.4103.97 Safari/537.36"
::1 - - [22/Jun/2020:20:25:59 +0000] "POST /projects HTTP/1.1" 400 2839 "-" "Mozilla/5.0 (Windows NT 10.0; Win64; x64) AppleWebKit/537.36 (KHTML, like Gecko) Chrome/83.0.4103.97 Safari/537.36"
::1 - - [22/Jun/2020:20:26:30 +0000] "POST /projects HTTP/1.1" 400 3467 "-" "Mozilla/5.0 (Windows NT 10.0; Win64; x64) AppleWebKit/537.36 (KHTML, like Gecko) Chrome/83.0.4103.97 Safari/537.36"
::1 - - [22/Jun/2020:20:26:50 +0000] "POST /projects HTTP/1.1" 400 2839 "-" "Mozilla/5.0 (Windows NT 10.0; Win64; x64) AppleWebKit/537.36 (KHTML, like Gecko) Chrome/83.0.4103.97 Safari/537.36"
::1 - - [22/Jun/2020:20:27:53 +0000] "POST /projects HTTP/1.1" 400 2839 "-" "Mozilla/5.0 (Windows NT 10.0; Win64; x64) AppleWebKit/537.36 (KHTML, like Gecko) Chrome/83.0.4103.97 Safari/537.36"
::1 - - [22/Jun/2020:20:28:11 +0000] "POST /projects HTTP/1.1" 400 3467 "-" "Mozilla/5.0 (Windows NT 10.0; Win64; x64) AppleWebKit/537.36 (KHTML, like Gecko) Chrome/83.0.4103.97 Safari/537.36"
::1 - - [23/Jun/2020:14:48:13 +0000] "POST /projects HTTP/1.1" 400 2839 "-" "Mozilla/5.0 (Windows NT 10.0; Win64; x64) AppleWebKit/537.36 (KHTML, like Gecko) Chrome/83.0.4103.97 Safari/537.36"
::1 - - [23/Jun/2020:14:49:20 +0000] "POST /projects HTTP/1.1" 400 2932 "-" "Mozilla/5.0 (Windows NT 10.0; Win64; x64) AppleWebKit/537.36 (KHTML, like Gecko) Chrome/83.0.4103.97 Safari/537.36"
::1 - - [23/Jun/2020:14:50:46 +0000] "POST /projects HTTP/1.1" 400 152 "-" "Mozilla/5.0 (Windows NT 10.0; Win64; x64) AppleWebKit/537.36 (KHTML, like Gecko) Chrome/83.0.4103.97 Safari/537.36"
::1 - - [23/Jun/2020:15:15:47 +0000] "POST /projects HTTP/1.1" 400 152 "-" "Mozilla/5.0 (Windows NT 10.0; Win64; x64) AppleWebKit/537.36 (KHTML, like Gecko) Chrome/83.0.4103.97 Safari/537.36"
::1 - - [23/Jun/2020:15:20:25 +0000] "POST /projects HTTP/1.1" 400 152 "-" "Mozilla/5.0 (Windows NT 10.0; Win64; x64) AppleWebKit/537.36 (KHTML, like Gecko) Chrome/83.0.4103.97 Safari/537.36"
::1 - - [23/Jun/2020:16:10:14 +0000] "POST /projects HTTP/1.1" 400 854 "-" "Mozilla/5.0 (Windows NT 10.0; Win64; x64) AppleWebKit/537.36 (KHTML, like Gecko) Chrome/83.0.4103.97 Safari/537.36"
::1 - - [23/Jun/2020:16:11:22 +0000] "POST /projects HTTP/1.1" 400 930 "-" "Mozilla/5.0 (Windows NT 10.0; Win64; x64) AppleWebKit/537.36 (KHTML, like Gecko) Chrome/83.0.4103.97 Safari/537.36"
::1 - - [23/Jun/2020:16:11:59 +0000] "POST /projects HTTP/1.1" 400 928 "-" "Mozilla/5.0 (Windows NT 10.0; Win64; x64) AppleWebKit/537.36 (KHTML, like Gecko) Chrome/83.0.4103.97 Safari/537.36"
::1 - - [23/Jun/2020:16:12:38 +0000] "POST /projects HTTP/1.1" 400 203 "-" "Mozilla/5.0 (Windows NT 10.0; Win64; x64) AppleWebKit/537.36 (KHTML, like Gecko) Chrome/83.0.4103.97 Safari/537.36"
::1 - - [23/Jun/2020:16:13:14 +0000] "POST /projects HTTP/1.1" 400 1802 "-" "Mozilla/5.0 (Windows NT 10.0; Win64; x64) AppleWebKit/537.36 (KHTML, like Gecko) Chrome/83.0.4103.97 Safari/537.36"
::1 - - [23/Jun/2020:16:14:22 +0000] "POST /projects HTTP/1.1" 400 1654 "-" "Mozilla/5.0 (Windows NT 10.0; Win64; x64) AppleWebKit/537.36 (KHTML, like Gecko) Chrome/83.0.4103.97 Safari/537.36"
::1 - - [23/Jun/2020:16:17:37 +0000] "POST /projects HTTP/1.1" 400 1654 "-" "Mozilla/5.0 (Windows NT 10.0; Win64; x64) AppleWebKit/537.36 (KHTML, like Gecko) Chrome/83.0.4103.97 Safari/537.36"
::1 - - [23/Jun/2020:16:18:34 +0000] "POST /projects HTTP/1.1" 400 1654 "-" "Mozilla/5.0 (Windows NT 10.0; Win64; x64) AppleWebKit/537.36 (KHTML, like Gecko) Chrome/83.0.4103.97 Safari/537.36"
::1 - - [23/Jun/2020:20:08:38 +0000] "GET /articles HTTP/1.1" 401 32 "-" "Mozilla/5.0 (Windows NT 10.0; Win64; x64) AppleWebKit/537.36 (KHTML, like Gecko) Chrome/83.0.4103.97 Safari/537.36"
::ffff:127.0.0.1 - - [26/Jun/2020:19:43:37 +0000] "GET /projects/node HTTP/1.1" 404 152 "http://localhost:3000/project/node" "Mozilla/5.0 (Windows NT 10.0; Win64; x64; rv:77.0) Gecko/20100101 Firefox/77.0"
::ffff:127.0.0.1 - - [26/Jun/2020:19:46:46 +0000] "GET /projects/node HTTP/1.1" 404 152 "http://localhost:3000/project/node" "Mozilla/5.0 (Windows NT 10.0; Win64; x64; rv:77.0) Gecko/20100101 Firefox/77.0"
::ffff:127.0.0.1 - - [26/Jun/2020:19:48:12 +0000] "GET /projects/node HTTP/1.1" 404 152 "http://localhost:3000/project/node" "Mozilla/5.0 (Windows NT 10.0; Win64; x64; rv:77.0) Gecko/20100101 Firefox/77.0"
::ffff:127.0.0.1 - - [26/Jun/2020:19:48:27 +0000] "GET /projects/node HTTP/1.1" 404 152 "http://localhost:3000/project/node" "Mozilla/5.0 (Windows NT 10.0; Win64; x64; rv:77.0) Gecko/20100101 Firefox/77.0"
::ffff:127.0.0.1 - - [26/Jun/2020:19:48:44 +0000] "GET /projects/node HTTP/1.1" 404 152 "http://localhost:3000/project/node" "Mozilla/5.0 (Windows NT 10.0; Win64; x64; rv:77.0) Gecko/20100101 Firefox/77.0"
::ffff:127.0.0.1 - - [26/Jun/2020:19:52:41 +0000] "GET /projects/node HTTP/1.1" 404 152 "http://localhost:3000/project/node" "Mozilla/5.0 (Windows NT 10.0; Win64; x64; rv:77.0) Gecko/20100101 Firefox/77.0"
::ffff:127.0.0.1 - - [26/Jun/2020:19:53:47 +0000] "GET /projects/node HTTP/1.1" 404 152 "http://localhost:3000/project/node" "Mozilla/5.0 (Windows NT 10.0; Win64; x64; rv:77.0) Gecko/20100101 Firefox/77.0"
::ffff:127.0.0.1 - - [26/Jun/2020:19:53:52 +0000] "GET /projects/node HTTP/1.1" 404 152 "http://localhost:3000/project/node" "Mozilla/5.0 (Windows NT 10.0; Win64; x64; rv:77.0) Gecko/20100101 Firefox/77.0"
::ffff:127.0.0.1 - - [26/Jun/2020:19:55:22 +0000] "GET /projects/node HTTP/1.1" 404 152 "http://localhost:3000/project/node" "Mozilla/5.0 (Windows NT 10.0; Win64; x64; rv:77.0) Gecko/20100101 Firefox/77.0"
::ffff:127.0.0.1 - - [26/Jun/2020:19:56:02 +0000] "GET /projects/node HTTP/1.1" 404 152 "http://localhost:3000/project/node" "Mozilla/5.0 (Windows NT 10.0; Win64; x64; rv:77.0) Gecko/20100101 Firefox/77.0"
::ffff:127.0.0.1 - - [26/Jun/2020:19:56:23 +0000] "GET /projects/node HTTP/1.1" 404 152 "http://localhost:3000/project/node" "Mozilla/5.0 (Windows NT 10.0; Win64; x64; rv:77.0) Gecko/20100101 Firefox/77.0"
::1 - - [30/Jun/2020:04:40:16 +0000] "POST /email HTTP/1.1" 404 145 "http://localhost:3000/contacts" "Mozilla/5.0 (Windows NT 10.0; Win64; x64) AppleWebKit/537.36 (KHTML, like Gecko) Chrome/83.0.4103.116 Safari/537.36"
::1 - - [30/Jun/2020:04:40:20 +0000] "POST /email HTTP/1.1" 404 145 "http://localhost:3000/contacts" "Mozilla/5.0 (Windows NT 10.0; Win64; x64) AppleWebKit/537.36 (KHTML, like Gecko) Chrome/83.0.4103.116 Safari/537.36"
::1 - - [30/Jun/2020:04:40:53 +0000] "GET /email HTTP/1.1" 404 144 "-" "Mozilla/5.0 (Windows NT 10.0; Win64; x64) AppleWebKit/537.36 (KHTML, like Gecko) Chrome/83.0.4103.116 Safari/537.36"
::1 - - [30/Jun/2020:05:30:44 +0000] "GET /email HTTP/1.1" 404 144 "-" "Mozilla/5.0 (Windows NT 10.0; Win64; x64) AppleWebKit/537.36 (KHTML, like Gecko) Chrome/83.0.4103.116 Safari/537.36"
::1 - - [30/Jun/2020:13:46:09 +0000] "DELETE /email HTTP/1.1" 404 147 "-" "Mozilla/5.0 (Windows NT 10.0; Win64; x64) AppleWebKit/537.36 (KHTML, like Gecko) Chrome/83.0.4103.116 Safari/537.36"
::1 - - [30/Jun/2020:14:32:01 +0000] "POST /email HTTP/1.1" 500 2541 "-" "Mozilla/5.0 (Windows NT 10.0; Win64; x64) AppleWebKit/537.36 (KHTML, like Gecko) Chrome/83.0.4103.116 Safari/537.36"
::1 - - [30/Jun/2020:14:32:56 +0000] "POST /email HTTP/1.1" 500 2508 "-" "Mozilla/5.0 (Windows NT 10.0; Win64; x64) AppleWebKit/537.36 (KHTML, like Gecko) Chrome/83.0.4103.116 Safari/537.36"
::1 - - [30/Jun/2020:14:33:38 +0000] "POST /email HTTP/1.1" 500 2507 "-" "Mozilla/5.0 (Windows NT 10.0; Win64; x64) AppleWebKit/537.36 (KHTML, like Gecko) Chrome/83.0.4103.116 Safari/537.36"
::1 - - [30/Jun/2020:14:34:40 +0000] "POST /email HTTP/1.1" 404 74 "-" "Mozilla/5.0 (Windows NT 10.0; Win64; x64) AppleWebKit/537.36 (KHTML, like Gecko) Chrome/83.0.4103.116 Safari/537.36"
::1 - - [30/Jun/2020:14:34:55 +0000] "POST /email HTTP/1.1" 404 155 "-" "Mozilla/5.0 (Windows NT 10.0; Win64; x64) AppleWebKit/537.36 (KHTML, like Gecko) Chrome/83.0.4103.116 Safari/537.36"
::1 - - [30/Jun/2020:14:35:48 +0000] "POST /email HTTP/1.1" 404 186 "-" "Mozilla/5.0 (Windows NT 10.0; Win64; x64) AppleWebKit/537.36 (KHTML, like Gecko) Chrome/83.0.4103.116 Safari/537.36"
::1 - - [30/Jun/2020:14:36:47 +0000] "POST /email HTTP/1.1" 404 77 "-" "Mozilla/5.0 (Windows NT 10.0; Win64; x64) AppleWebKit/537.36 (KHTML, like Gecko) Chrome/83.0.4103.116 Safari/537.36"
::ffff:127.0.0.1 - - [30/Jun/2020:14:38:33 +0000] "POST /email HTTP/1.1" 404 64 "-" "Mozilla/5.0 (Windows NT 10.0; Win64; x64) AppleWebKit/537.36 (KHTML, like Gecko) Chrome/83.0.4103.116 Safari/537.36"
::1 - - [30/Jun/2020:14:38:45 +0000] "POST /email HTTP/1.1" 404 129 "-" "Mozilla/5.0 (Windows NT 10.0; Win64; x64) AppleWebKit/537.36 (KHTML, like Gecko) Chrome/83.0.4103.116 Safari/537.36"
::ffff:127.0.0.1 - - [30/Jun/2020:14:39:05 +0000] "POST /email HTTP/1.1" 404 130 "-" "Mozilla/5.0 (Windows NT 10.0; Win64; x64) AppleWebKit/537.36 (KHTML, like Gecko) Chrome/83.0.4103.116 Safari/537.36"
::ffff:127.0.0.1 - - [30/Jun/2020:14:39:12 +0000] "POST /email HTTP/1.1" 404 130 "-" "Mozilla/5.0 (Windows NT 10.0; Win64; x64) AppleWebKit/537.36 (KHTML, like Gecko) Chrome/83.0.4103.116 Safari/537.36"
::ffff:127.0.0.1 - - [30/Jun/2020:14:39:14 +0000] "POST /email HTTP/1.1" 404 130 "-" "Mozilla/5.0 (Windows NT 10.0; Win64; x64) AppleWebKit/537.36 (KHTML, like Gecko) Chrome/83.0.4103.116 Safari/537.36"
::ffff:127.0.0.1 - - [30/Jun/2020:14:39:16 +0000] "POST /email HTTP/1.1" 404 130 "-" "Mozilla/5.0 (Windows NT 10.0; Win64; x64) AppleWebKit/537.36 (KHTML, like Gecko) Chrome/83.0.4103.116 Safari/537.36"
::1 - - [30/Jun/2020:14:40:03 +0000] "POST /email HTTP/1.1" 404 72 "-" "Mozilla/5.0 (Windows NT 10.0; Win64; x64) AppleWebKit/537.36 (KHTML, like Gecko) Chrome/83.0.4103.116 Safari/537.36"
::1 - - [30/Jun/2020:14:47:59 +0000] "POST /email HTTP/1.1" 404 72 "-" "Mozilla/5.0 (Windows NT 10.0; Win64; x64) AppleWebKit/537.36 (KHTML, like Gecko) Chrome/83.0.4103.116 Safari/537.36"
::1 - - [30/Jun/2020:14:48:17 +0000] "POST /email HTTP/1.1" 404 72 "-" "Mozilla/5.0 (Windows NT 10.0; Win64; x64) AppleWebKit/537.36 (KHTML, like Gecko) Chrome/83.0.4103.116 Safari/537.36"
::1 - - [30/Jun/2020:14:48:19 +0000] "POST /email HTTP/1.1" 404 72 "-" "Mozilla/5.0 (Windows NT 10.0; Win64; x64) AppleWebKit/537.36 (KHTML, like Gecko) Chrome/83.0.4103.116 Safari/537.36"
::1 - - [30/Jun/2020:14:48:19 +0000] "POST /email HTTP/1.1" 429 99 "-" "Mozilla/5.0 (Windows NT 10.0; Win64; x64) AppleWebKit/537.36 (KHTML, like Gecko) Chrome/83.0.4103.116 Safari/537.36"
::1 - - [30/Jun/2020:14:48:20 +0000] "POST /email HTTP/1.1" 429 99 "-" "Mozilla/5.0 (Windows NT 10.0; Win64; x64) AppleWebKit/537.36 (KHTML, like Gecko) Chrome/83.0.4103.116 Safari/537.36"
::1 - - [30/Jun/2020:14:48:37 +0000] "POST /email HTTP/1.1" 404 72 "-" "Mozilla/5.0 (Windows NT 10.0; Win64; x64) AppleWebKit/537.36 (KHTML, like Gecko) Chrome/83.0.4103.116 Safari/537.36"
::1 - - [30/Jun/2020:15:05:57 +0000] "POST /email HTTP/1.1" 404 72 "-" "Mozilla/5.0 (Windows NT 10.0; Win64; x64) AppleWebKit/537.36 (KHTML, like Gecko) Chrome/83.0.4103.116 Safari/537.36"
::1 - - [30/Jun/2020:15:17:51 +0000] "POST /email HTTP/1.1" 404 172 "http://localhost:3000/contacts" "Mozilla/5.0 (Windows NT 10.0; Win64; x64) AppleWebKit/537.36 (KHTML, like Gecko) Chrome/83.0.4103.116 Safari/537.36"
::ffff:127.0.0.1 - - [30/Jun/2020:15:19:45 +0000] "POST /email HTTP/1.1" 404 172 "http://localhost:3000/contacts" "Mozilla/5.0 (Windows NT 10.0; Win64; x64) AppleWebKit/537.36 (KHTML, like Gecko) Chrome/83.0.4103.116 Safari/537.36"
::1 - - [30/Jun/2020:15:22:04 +0000] "POST /email HTTP/1.1" 400 1131 "http://localhost:3000/contacts" "Mozilla/5.0 (Windows NT 10.0; Win64; x64) AppleWebKit/537.36 (KHTML, like Gecko) Chrome/83.0.4103.116 Safari/537.36"
::1 - - [30/Jun/2020:15:22:05 +0000] "POST /email HTTP/1.1" 400 1131 "http://localhost:3000/contacts" "Mozilla/5.0 (Windows NT 10.0; Win64; x64) AppleWebKit/537.36 (KHTML, like Gecko) Chrome/83.0.4103.116 Safari/537.36"
::1 - - [30/Jun/2020:15:22:41 +0000] "GET /email HTTP/1.1" 404 144 "-" "Mozilla/5.0 (Windows NT 10.0; Win64; x64) AppleWebKit/537.36 (KHTML, like Gecko) Chrome/83.0.4103.116 Safari/537.36"
::1 - - [30/Jun/2020:15:24:47 +0000] "POST /email HTTP/1.1" 400 1131 "http://localhost:3000/contacts" "Mozilla/5.0 (Windows NT 10.0; Win64; x64) AppleWebKit/537.36 (KHTML, like Gecko) Chrome/83.0.4103.116 Safari/537.36"
::1 - - [30/Jun/2020:15:25:29 +0000] "POST /email HTTP/1.1" 400 1131 "http://localhost:3000/contacts" "Mozilla/5.0 (Windows NT 10.0; Win64; x64) AppleWebKit/537.36 (KHTML, like Gecko) Chrome/83.0.4103.116 Safari/537.36"
::1 - - [30/Jun/2020:19:33:06 +0000] "POST /email HTTP/1.1" 429 99 "http://localhost:3000/contacts" "Mozilla/5.0 (Windows NT 10.0; Win64; x64) AppleWebKit/537.36 (KHTML, like Gecko) Chrome/83.0.4103.116 Safari/537.36"
::1 - - [30/Jun/2020:19:47:25 +0000] "POST /email HTTP/1.1" 429 99 "http://localhost:3000/contacts" "Mozilla/5.0 (Windows NT 10.0; Win64; x64) AppleWebKit/537.36 (KHTML, like Gecko) Chrome/83.0.4103.116 Safari/537.36"
::1 - - [30/Jun/2020:19:47:27 +0000] "POST /email HTTP/1.1" 429 99 "http://localhost:3000/contacts" "Mozilla/5.0 (Windows NT 10.0; Win64; x64) AppleWebKit/537.36 (KHTML, like Gecko) Chrome/83.0.4103.116 Safari/537.36"
::1 - - [30/Jun/2020:19:47:29 +0000] "POST /email HTTP/1.1" 429 99 "http://localhost:3000/contacts" "Mozilla/5.0 (Windows NT 10.0; Win64; x64) AppleWebKit/537.36 (KHTML, like Gecko) Chrome/83.0.4103.116 Safari/537.36"
::1 - - [30/Jun/2020:19:47:31 +0000] "POST /email HTTP/1.1" 429 99 "http://localhost:3000/contacts" "Mozilla/5.0 (Windows NT 10.0; Win64; x64) AppleWebKit/537.36 (KHTML, like Gecko) Chrome/83.0.4103.116 Safari/537.36"
::1 - - [30/Jun/2020:19:47:32 +0000] "POST /email HTTP/1.1" 429 99 "http://localhost:3000/contacts" "Mozilla/5.0 (Windows NT 10.0; Win64; x64) AppleWebKit/537.36 (KHTML, like Gecko) Chrome/83.0.4103.116 Safari/537.36"
::1 - - [30/Jun/2020:19:47:32 +0000] "POST /email HTTP/1.1" 429 99 "http://localhost:3000/contacts" "Mozilla/5.0 (Windows NT 10.0; Win64; x64) AppleWebKit/537.36 (KHTML, like Gecko) Chrome/83.0.4103.116 Safari/537.36"
::1 - - [30/Jun/2020:19:47:33 +0000] "POST /email HTTP/1.1" 429 99 "http://localhost:3000/contacts" "Mozilla/5.0 (Windows NT 10.0; Win64; x64) AppleWebKit/537.36 (KHTML, like Gecko) Chrome/83.0.4103.116 Safari/537.36"
::1 - - [30/Jun/2020:19:47:33 +0000] "POST /email HTTP/1.1" 429 99 "http://localhost:3000/contacts" "Mozilla/5.0 (Windows NT 10.0; Win64; x64) AppleWebKit/537.36 (KHTML, like Gecko) Chrome/83.0.4103.116 Safari/537.36"
::1 - - [30/Jun/2020:19:48:52 +0000] "POST /email HTTP/1.1" 429 99 "http://localhost:3000/contacts" "Mozilla/5.0 (Windows NT 10.0; Win64; x64) AppleWebKit/537.36 (KHTML, like Gecko) Chrome/83.0.4103.116 Safari/537.36"
::1 - - [30/Jun/2020:19:51:13 +0000] "POST /email HTTP/1.1" 429 99 "http://localhost:3000/contacts" "Mozilla/5.0 (Windows NT 10.0; Win64; x64) AppleWebKit/537.36 (KHTML, like Gecko) Chrome/83.0.4103.116 Safari/537.36"
::1 - - [30/Jun/2020:19:51:17 +0000] "POST /email HTTP/1.1" 429 99 "http://localhost:3000/contacts" "Mozilla/5.0 (Windows NT 10.0; Win64; x64) AppleWebKit/537.36 (KHTML, like Gecko) Chrome/83.0.4103.116 Safari/537.36"
::1 - - [30/Jun/2020:19:53:58 +0000] "POST /email HTTP/1.1" 429 99 "http://localhost:3000/contacts" "Mozilla/5.0 (Windows NT 10.0; Win64; x64) AppleWebKit/537.36 (KHTML, like Gecko) Chrome/83.0.4103.116 Safari/537.36"
::1 - - [30/Jun/2020:19:54:04 +0000] "POST /email HTTP/1.1" 429 99 "http://localhost:3000/contacts" "Mozilla/5.0 (Windows NT 10.0; Win64; x64) AppleWebKit/537.36 (KHTML, like Gecko) Chrome/83.0.4103.116 Safari/537.36"
::1 - - [30/Jun/2020:19:54:21 +0000] "POST /email HTTP/1.1" 429 99 "http://localhost:3000/contacts" "Mozilla/5.0 (Windows NT 10.0; Win64; x64) AppleWebKit/537.36 (KHTML, like Gecko) Chrome/83.0.4103.116 Safari/537.36"
::1 - - [30/Jun/2020:19:54:21 +0000] "POST /email HTTP/1.1" 429 99 "http://localhost:3000/contacts" "Mozilla/5.0 (Windows NT 10.0; Win64; x64) AppleWebKit/537.36 (KHTML, like Gecko) Chrome/83.0.4103.116 Safari/537.36"
::1 - - [30/Jun/2020:19:54:21 +0000] "POST /email HTTP/1.1" 429 99 "http://localhost:3000/contacts" "Mozilla/5.0 (Windows NT 10.0; Win64; x64) AppleWebKit/537.36 (KHTML, like Gecko) Chrome/83.0.4103.116 Safari/537.36"
::1 - - [30/Jun/2020:19:54:21 +0000] "POST /email HTTP/1.1" 429 99 "http://localhost:3000/contacts" "Mozilla/5.0 (Windows NT 10.0; Win64; x64) AppleWebKit/537.36 (KHTML, like Gecko) Chrome/83.0.4103.116 Safari/537.36"
::1 - - [30/Jun/2020:19:54:47 +0000] "POST /email HTTP/1.1" 429 99 "http://localhost:3000/contacts" "Mozilla/5.0 (Windows NT 10.0; Win64; x64) AppleWebKit/537.36 (KHTML, like Gecko) Chrome/83.0.4103.116 Safari/537.36"
::1 - - [30/Jun/2020:19:54:48 +0000] "POST /email HTTP/1.1" 429 99 "http://localhost:3000/contacts" "Mozilla/5.0 (Windows NT 10.0; Win64; x64) AppleWebKit/537.36 (KHTML, like Gecko) Chrome/83.0.4103.116 Safari/537.36"
::1 - - [30/Jun/2020:19:54:50 +0000] "POST /email HTTP/1.1" 429 99 "http://localhost:3000/contacts" "Mozilla/5.0 (Windows NT 10.0; Win64; x64) AppleWebKit/537.36 (KHTML, like Gecko) Chrome/83.0.4103.116 Safari/537.36"
::1 - - [30/Jun/2020:19:54:53 +0000] "POST /email HTTP/1.1" 429 99 "http://localhost:3000/contacts" "Mozilla/5.0 (Windows NT 10.0; Win64; x64) AppleWebKit/537.36 (KHTML, like Gecko) Chrome/83.0.4103.116 Safari/537.36"
::1 - - [30/Jun/2020:19:54:54 +0000] "POST /email HTTP/1.1" 429 99 "http://localhost:3000/contacts" "Mozilla/5.0 (Windows NT 10.0; Win64; x64) AppleWebKit/537.36 (KHTML, like Gecko) Chrome/83.0.4103.116 Safari/537.36"
::1 - - [30/Jun/2020:19:54:54 +0000] "POST /email HTTP/1.1" 429 99 "http://localhost:3000/contacts" "Mozilla/5.0 (Windows NT 10.0; Win64; x64) AppleWebKit/537.36 (KHTML, like Gecko) Chrome/83.0.4103.116 Safari/537.36"
::1 - - [30/Jun/2020:19:54:55 +0000] "POST /email HTTP/1.1" 429 99 "http://localhost:3000/contacts" "Mozilla/5.0 (Windows NT 10.0; Win64; x64) AppleWebKit/537.36 (KHTML, like Gecko) Chrome/83.0.4103.116 Safari/537.36"
::1 - - [30/Jun/2020:19:54:55 +0000] "POST /email HTTP/1.1" 429 99 "http://localhost:3000/contacts" "Mozilla/5.0 (Windows NT 10.0; Win64; x64) AppleWebKit/537.36 (KHTML, like Gecko) Chrome/83.0.4103.116 Safari/537.36"
::1 - - [07/Jul/2020:14:26:13 +0000] "POST /auth/login HTTP/1.1" 401 51 "http://localhost:3000/supporters" "Mozilla/5.0 (Windows NT 10.0; Win64; x64) AppleWebKit/537.36 (KHTML, like Gecko) Chrome/83.0.4103.116 Safari/537.36"
::1 - - [07/Jul/2020:14:32:09 +0000] "POST /auth/login HTTP/1.1" 401 89 "http://localhost:3000/supporters" "Mozilla/5.0 (Windows NT 10.0; Win64; x64) AppleWebKit/537.36 (KHTML, like Gecko) Chrome/83.0.4103.116 Safari/537.36"
::1 - - [07/Jul/2020:14:32:10 +0000] "POST /auth/login HTTP/1.1" 401 89 "http://localhost:3000/supporters" "Mozilla/5.0 (Windows NT 10.0; Win64; x64) AppleWebKit/537.36 (KHTML, like Gecko) Chrome/83.0.4103.116 Safari/537.36"
::1 - - [07/Jul/2020:14:32:10 +0000] "POST /auth/login HTTP/1.1" 401 89 "http://localhost:3000/supporters" "Mozilla/5.0 (Windows NT 10.0; Win64; x64) AppleWebKit/537.36 (KHTML, like Gecko) Chrome/83.0.4103.116 Safari/537.36"
::1 - - [07/Jul/2020:14:32:22 +0000] "POST /auth/login HTTP/1.1" 401 89 "http://localhost:3000/supporters" "Mozilla/5.0 (Windows NT 10.0; Win64; x64) AppleWebKit/537.36 (KHTML, like Gecko) Chrome/83.0.4103.116 Safari/537.36"
::1 - - [07/Jul/2020:14:32:49 +0000] "POST /auth/login HTTP/1.1" 401 89 "http://localhost:3000/supporters" "Mozilla/5.0 (Windows NT 10.0; Win64; x64) AppleWebKit/537.36 (KHTML, like Gecko) Chrome/83.0.4103.116 Safari/537.36"
::1 - - [07/Jul/2020:14:34:05 +0000] "POST /auth/login HTTP/1.1" 401 89 "http://localhost:3000/supporters" "Mozilla/5.0 (Windows NT 10.0; Win64; x64) AppleWebKit/537.36 (KHTML, like Gecko) Chrome/83.0.4103.116 Safari/537.36"
::1 - - [07/Jul/2020:14:34:15 +0000] "POST /auth/login HTTP/1.1" 401 89 "http://localhost:3000/supporters" "Mozilla/5.0 (Windows NT 10.0; Win64; x64) AppleWebKit/537.36 (KHTML, like Gecko) Chrome/83.0.4103.116 Safari/537.36"
::1 - - [07/Jul/2020:14:34:16 +0000] "POST /auth/login HTTP/1.1" 401 89 "http://localhost:3000/supporters" "Mozilla/5.0 (Windows NT 10.0; Win64; x64) AppleWebKit/537.36 (KHTML, like Gecko) Chrome/83.0.4103.116 Safari/537.36"
::1 - - [07/Jul/2020:14:35:32 +0000] "POST /auth/register HTTP/1.1" 429 105 "http://localhost:3000/supporters" "Mozilla/5.0 (Windows NT 10.0; Win64; x64) AppleWebKit/537.36 (KHTML, like Gecko) Chrome/83.0.4103.116 Safari/537.36"
::1 - - [07/Jul/2020:14:44:30 +0000] "POST /auth/register HTTP/1.1" 429 105 "http://localhost:3000/supporters" "Mozilla/5.0 (Windows NT 10.0; Win64; x64) AppleWebKit/537.36 (KHTML, like Gecko) Chrome/83.0.4103.116 Safari/537.36"
::1 - - [07/Jul/2020:14:45:27 +0000] "POST /auth/register HTTP/1.1" 429 105 "http://localhost:3000/supporters" "Mozilla/5.0 (Windows NT 10.0; Win64; x64) AppleWebKit/537.36 (KHTML, like Gecko) Chrome/83.0.4103.116 Safari/537.36"
::1 - - [07/Jul/2020:15:05:46 +0000] "POST /auth/register HTTP/1.1" 429 105 "http://localhost:3000/supporters" "Mozilla/5.0 (Windows NT 10.0; Win64; x64) AppleWebKit/537.36 (KHTML, like Gecko) Chrome/83.0.4103.116 Safari/537.36"
::1 - - [07/Jul/2020:15:05:51 +0000] "POST /auth/register HTTP/1.1" 429 105 "http://localhost:3000/supporters" "Mozilla/5.0 (Windows NT 10.0; Win64; x64) AppleWebKit/537.36 (KHTML, like Gecko) Chrome/83.0.4103.116 Safari/537.36"
::1 - - [07/Jul/2020:15:15:49 +0000] "POST /auth/register HTTP/1.1" 429 105 "http://localhost:3000/supporters" "Mozilla/5.0 (Windows NT 10.0; Win64; x64) AppleWebKit/537.36 (KHTML, like Gecko) Chrome/83.0.4103.116 Safari/537.36"
::1 - - [07/Jul/2020:15:16:47 +0000] "POST /auth/register HTTP/1.1" 429 105 "http://localhost:3000/supporters" "Mozilla/5.0 (Windows NT 10.0; Win64; x64) AppleWebKit/537.36 (KHTML, like Gecko) Chrome/83.0.4103.116 Safari/537.36"
::1 - - [07/Jul/2020:15:16:50 +0000] "POST /auth/register HTTP/1.1" 429 105 "http://localhost:3000/supporters" "Mozilla/5.0 (Windows NT 10.0; Win64; x64) AppleWebKit/537.36 (KHTML, like Gecko) Chrome/83.0.4103.116 Safari/537.36"
::1 - - [07/Jul/2020:15:17:41 +0000] "POST /auth/register HTTP/1.1" 429 105 "http://localhost:3000/supporters" "Mozilla/5.0 (Windows NT 10.0; Win64; x64) AppleWebKit/537.36 (KHTML, like Gecko) Chrome/83.0.4103.116 Safari/537.36"
::1 - - [07/Jul/2020:15:21:10 +0000] "POST /auth/register HTTP/1.1" 429 105 "http://localhost:3000/supporters" "Mozilla/5.0 (Windows NT 10.0; Win64; x64) AppleWebKit/537.36 (KHTML, like Gecko) Chrome/83.0.4103.116 Safari/537.36"
::1 - - [07/Jul/2020:15:22:02 +0000] "POST /auth/register HTTP/1.1" 429 105 "http://localhost:3000/supporters" "Mozilla/5.0 (Windows NT 10.0; Win64; x64) AppleWebKit/537.36 (KHTML, like Gecko) Chrome/83.0.4103.116 Safari/537.36"
::1 - - [07/Jul/2020:19:51:53 +0000] "POST /auth/register HTTP/1.1" 429 105 "http://localhost:3000/supporters" "Mozilla/5.0 (Windows NT 10.0; Win64; x64) AppleWebKit/537.36 (KHTML, like Gecko) Chrome/83.0.4103.116 Safari/537.36"
::1 - - [08/Jul/2020:17:47:43 +0000] "GET /favicon.ico HTTP/1.1" 404 150 "http://localhost:3001/articles" "Mozilla/5.0 (Windows NT 10.0; Win64; x64) AppleWebKit/537.36 (KHTML, like Gecko) Chrome/83.0.4103.116 Safari/537.36"
::1 - - [13/Jul/2020:02:16:47 +0000] "PUT /project HTTP/1.1" 404 146 "-" "PostmanRuntime/7.26.1"
::1 - - [13/Jul/2020:02:18:24 +0000] "PUT /project/5ef250496ebc9d73907f9578 HTTP/1.1" 401 51 "-" "PostmanRuntime/7.26.1"
::1 - - [13/Jul/2020:02:21:40 +0000] "POST /auth/ HTTP/1.1" 404 145 "-" "PostmanRuntime/7.26.1"
::1 - - [13/Jul/2020:02:22:43 +0000] "PUT /project/5ef250496ebc9d73907f9578 HTTP/1.1" 401 51 "-" "PostmanRuntime/7.26.1"
::1 - - [13/Jul/2020:02:24:12 +0000] "PUT /project/5ef250496ebc9d73907f9578 HTTP/1.1" 401 51 "-" "PostmanRuntime/7.26.1"
::1 - - [13/Jul/2020:03:10:39 +0000] "GET /projects/java HTTP/1.1" 500 41 "http://localhost:3000/project/java" "Mozilla/5.0 (Windows NT 10.0; Win64; x64) AppleWebKit/537.36 (KHTML, like Gecko) Chrome/83.0.4103.116 Safari/537.36"
::1 - - [13/Jul/2020:03:11:59 +0000] "GET /projects/java HTTP/1.1" 500 41 "http://localhost:3000/project/java" "Mozilla/5.0 (Windows NT 10.0; Win64; x64) AppleWebKit/537.36 (KHTML, like Gecko) Chrome/83.0.4103.116 Safari/537.36"
::1 - - [13/Jul/2020:03:15:46 +0000] "GET /projects/undefined HTTP/1.1" 500 41 "http://localhost:3000/project/node" "Mozilla/5.0 (Windows NT 10.0; Win64; x64) AppleWebKit/537.36 (KHTML, like Gecko) Chrome/83.0.4103.116 Safari/537.36"
::1 - - [13/Jul/2020:03:36:37 +0000] "GET /projects/java HTTP/1.1" 500 41 "http://localhost:3000/project/java" "Mozilla/5.0 (Windows NT 10.0; Win64; x64) AppleWebKit/537.36 (KHTML, like Gecko) Chrome/83.0.4103.116 Safari/537.36"
::1 - - [13/Jul/2020:13:41:56 +0000] "POST /auth/register HTTP/1.1" 429 113 "http://localhost:3000/supporters" "Mozilla/5.0 (Windows NT 10.0; Win64; x64) AppleWebKit/537.36 (KHTML, like Gecko) Chrome/83.0.4103.116 Safari/537.36"
::1 - - [13/Jul/2020:13:42:40 +0000] "POST /auth/register HTTP/1.1" 429 113 "http://localhost:3000/supporters" "Mozilla/5.0 (Windows NT 10.0; Win64; x64) AppleWebKit/537.36 (KHTML, like Gecko) Chrome/83.0.4103.116 Safari/537.36"
::1 - - [13/Jul/2020:13:45:26 +0000] "POST /auth/register HTTP/1.1" 429 113 "http://localhost:3000/supporters" "Mozilla/5.0 (Windows NT 10.0; Win64; x64) AppleWebKit/537.36 (KHTML, like Gecko) Chrome/83.0.4103.116 Safari/537.36"
::1 - - [21/Jul/2020:02:08:56 +0000] "POST /auth/login HTTP/1.1" 401 86 "http://localhost:3000/supporters" "Mozilla/5.0 (Windows NT 10.0; Win64; x64) AppleWebKit/537.36 (KHTML, like Gecko) Chrome/83.0.4103.116 Safari/537.36"
::1 - - [21/Jul/2020:02:09:17 +0000] "POST /auth/login HTTP/1.1" 401 90 "http://localhost:3000/supporters" "Mozilla/5.0 (Windows NT 10.0; Win64; x64) AppleWebKit/537.36 (KHTML, like Gecko) Chrome/83.0.4103.116 Safari/537.36"
::1 - - [21/Jul/2020:02:09:22 +0000] "POST /auth/login HTTP/1.1" 401 90 "http://localhost:3000/supporters" "Mozilla/5.0 (Windows NT 10.0; Win64; x64) AppleWebKit/537.36 (KHTML, like Gecko) Chrome/83.0.4103.116 Safari/537.36"
::1 - - [21/Jul/2020:02:09:23 +0000] "POST /auth/login HTTP/1.1" 401 90 "http://localhost:3000/supporters" "Mozilla/5.0 (Windows NT 10.0; Win64; x64) AppleWebKit/537.36 (KHTML, like Gecko) Chrome/83.0.4103.116 Safari/537.36"
::1 - - [21/Jul/2020:02:09:23 +0000] "POST /auth/login HTTP/1.1" 401 90 "http://localhost:3000/supporters" "Mozilla/5.0 (Windows NT 10.0; Win64; x64) AppleWebKit/537.36 (KHTML, like Gecko) Chrome/83.0.4103.116 Safari/537.36"
::1 - - [21/Jul/2020:04:12:21 +0000] "POST /auth/register HTTP/1.1" 500 257 "http://localhost:3000/supporters" "Mozilla/5.0 (Windows NT 10.0; Win64; x64) AppleWebKit/537.36 (KHTML, like Gecko) Chrome/83.0.4103.116 Safari/537.36"
::1 - - [21/Jul/2020:04:16:16 +0000] "POST /auth/register HTTP/1.1" 500 280 "http://localhost:3000/supporters" "Mozilla/5.0 (Windows NT 10.0; Win64; x64) AppleWebKit/537.36 (KHTML, like Gecko) Chrome/83.0.4103.116 Safari/537.36"
::1 - - [21/Jul/2020:04:18:22 +0000] "POST /auth/register HTTP/1.1" 500 280 "http://localhost:3000/supporters" "Mozilla/5.0 (Windows NT 10.0; Win64; x64) AppleWebKit/537.36 (KHTML, like Gecko) Chrome/83.0.4103.116 Safari/537.36"
::1 - - [21/Jul/2020:04:19:11 +0000] "POST /auth/login HTTP/1.1" 401 89 "http://localhost:3000/supporters" "Mozilla/5.0 (Windows NT 10.0; Win64; x64) AppleWebKit/537.36 (KHTML, like Gecko) Chrome/83.0.4103.116 Safari/537.36"
::1 - - [21/Jul/2020:04:20:20 +0000] "POST /auth/register HTTP/1.1" 500 280 "http://localhost:3000/supporters" "Mozilla/5.0 (Windows NT 10.0; Win64; x64) AppleWebKit/537.36 (KHTML, like Gecko) Chrome/83.0.4103.116 Safari/537.36"
::1 - - [21/Jul/2020:04:24:17 +0000] "POST /auth/register HTTP/1.1" 429 113 "http://localhost:3000/supporters" "Mozilla/5.0 (Windows NT 10.0; Win64; x64) AppleWebKit/537.36 (KHTML, like Gecko) Chrome/83.0.4103.116 Safari/537.36"
::1 - - [21/Jul/2020:04:24:39 +0000] "POST /auth/register HTTP/1.1" 500 98 "http://localhost:3000/supporters" "Mozilla/5.0 (Windows NT 10.0; Win64; x64) AppleWebKit/537.36 (KHTML, like Gecko) Chrome/83.0.4103.116 Safari/537.36"
::1 - - [21/Jul/2020:04:32:18 +0000] "POST /auth/register HTTP/1.1" 500 66 "http://localhost:3000/supporters" "Mozilla/5.0 (Windows NT 10.0; Win64; x64) AppleWebKit/537.36 (KHTML, like Gecko) Chrome/83.0.4103.116 Safari/537.36"
::1 - - [21/Jul/2020:04:36:24 +0000] "POST /auth/register HTTP/1.1" 500 280 "http://localhost:3000/supporters" "Mozilla/5.0 (Windows NT 10.0; Win64; x64) AppleWebKit/537.36 (KHTML, like Gecko) Chrome/83.0.4103.116 Safari/537.36"
::1 - - [21/Jul/2020:04:38:03 +0000] "POST /auth/register HTTP/1.1" 500 280 "http://localhost:3000/supporters" "Mozilla/5.0 (Windows NT 10.0; Win64; x64) AppleWebKit/537.36 (KHTML, like Gecko) Chrome/83.0.4103.116 Safari/537.36"
::1 - - [21/Jul/2020:04:38:52 +0000] "POST /auth/register HTTP/1.1" 500 280 "http://localhost:3000/supporters" "Mozilla/5.0 (Windows NT 10.0; Win64; x64) AppleWebKit/537.36 (KHTML, like Gecko) Chrome/83.0.4103.116 Safari/537.36"
::1 - - [21/Jul/2020:04:48:56 +0000] "POST /auth/register HTTP/1.1" 500 280 "http://localhost:3000/supporters" "Mozilla/5.0 (Windows NT 10.0; Win64; x64) AppleWebKit/537.36 (KHTML, like Gecko) Chrome/83.0.4103.116 Safari/537.36"
::1 - - [21/Jul/2020:04:51:31 +0000] "POST /auth/register HTTP/1.1" 500 280 "http://localhost:3000/supporters" "Mozilla/5.0 (Windows NT 10.0; Win64; x64) AppleWebKit/537.36 (KHTML, like Gecko) Chrome/83.0.4103.116 Safari/537.36"
::1 - - [21/Jul/2020:16:18:29 +0000] "POST /auth/login HTTP/1.1" 401 89 "http://localhost:3000/supporters" "Mozilla/5.0 (Windows NT 10.0; Win64; x64) AppleWebKit/537.36 (KHTML, like Gecko) Chrome/83.0.4103.116 Safari/537.36"
::1 - - [21/Jul/2020:16:18:37 +0000] "POST /auth/login HTTP/1.1" 401 89 "http://localhost:3000/supporters" "Mozilla/5.0 (Windows NT 10.0; Win64; x64) AppleWebKit/537.36 (KHTML, like Gecko) Chrome/83.0.4103.116 Safari/537.36"
::1 - - [21/Jul/2020:16:18:45 +0000] "POST /auth/login HTTP/1.1" 401 89 "http://localhost:3000/supporters" "Mozilla/5.0 (Windows NT 10.0; Win64; x64) AppleWebKit/537.36 (KHTML, like Gecko) Chrome/83.0.4103.116 Safari/537.36"
::1 - - [21/Jul/2020:16:18:51 +0000] "POST /auth/login HTTP/1.1" 401 89 "http://localhost:3000/supporters" "Mozilla/5.0 (Windows NT 10.0; Win64; x64) AppleWebKit/537.36 (KHTML, like Gecko) Chrome/83.0.4103.116 Safari/537.36"
::1 - - [21/Jul/2020:23:27:18 +0000] "POST /auth/login HTTP/1.1" 401 90 "http://localhost:3000/supporters" "Mozilla/5.0 (Windows NT 10.0; Win64; x64) AppleWebKit/537.36 (KHTML, like Gecko) Chrome/83.0.4103.116 Safari/537.36"
::1 - - [21/Jul/2020:23:34:02 +0000] "GET /confirmation/eyJhbGciOiJIUzI1NiIsInR5cCI6IkpXVCJ9.eyJlbWFpbCI6IndhbGRvbWlsYW5lc0BnbWFpbC5jb20iLCJfaWQiOiI1ZjE3NzkyYzcxZmJiNjM0YThmYTY3NTEiLCJpYXQiOjE1OTUzNzM4Njl9.9OxaE74bqrDdERqPDz-_fVl9UG-e6e7AMFH2QxJ9Ork HTTP/1.1" 404 345 "-" "Mozilla/5.0 (Windows NT 10.0; Win64; x64) AppleWebKit/537.36 (KHTML, like Gecko) Chrome/83.0.4103.116 Safari/537.36"
::1 - - [22/Jul/2020:00:23:50 +0000] "GET / HTTP/1.1" 500 2627 "-" "Mozilla/5.0 (Windows NT 10.0; Win64; x64) AppleWebKit/537.36 (KHTML, like Gecko) Chrome/83.0.4103.116 Safari/537.36"
::1 - - [22/Jul/2020:00:24:34 +0000] "GET /favicon.ico HTTP/1.1" 404 150 "http://localhost:3001/" "Mozilla/5.0 (Windows NT 10.0; Win64; x64) AppleWebKit/537.36 (KHTML, like Gecko) Chrome/83.0.4103.116 Safari/537.36"
::1 - - [22/Jul/2020:00:46:12 +0000] "GET /css/App.css HTTP/1.1" 404 150 "http://localhost:3001/" "Mozilla/5.0 (Windows NT 10.0; Win64; x64) AppleWebKit/537.36 (KHTML, like Gecko) Chrome/83.0.4103.116 Safari/537.36"
::1 - - [22/Jul/2020:00:46:12 +0000] "GET /css/index.css HTTP/1.1" 404 152 "http://localhost:3001/" "Mozilla/5.0 (Windows NT 10.0; Win64; x64) AppleWebKit/537.36 (KHTML, like Gecko) Chrome/83.0.4103.116 Safari/537.36"
::1 - - [22/Jul/2020:00:46:12 +0000] "GET /css/Footer.css HTTP/1.1" 404 153 "http://localhost:3001/" "Mozilla/5.0 (Windows NT 10.0; Win64; x64) AppleWebKit/537.36 (KHTML, like Gecko) Chrome/83.0.4103.116 Safari/537.36"
::1 - - [22/Jul/2020:00:46:12 +0000] "GET /css/Title.css HTTP/1.1" 404 152 "http://localhost:3001/" "Mozilla/5.0 (Windows NT 10.0; Win64; x64) AppleWebKit/537.36 (KHTML, like Gecko) Chrome/83.0.4103.116 Safari/537.36"
::1 - - [22/Jul/2020:00:51:37 +0000] "GET /css/App.css HTTP/1.1" 404 150 "http://localhost:3001/" "Mozilla/5.0 (Windows NT 10.0; Win64; x64) AppleWebKit/537.36 (KHTML, like Gecko) Chrome/83.0.4103.116 Safari/537.36"
::1 - - [22/Jul/2020:00:51:37 +0000] "GET /css/index.css HTTP/1.1" 404 152 "http://localhost:3001/" "Mozilla/5.0 (Windows NT 10.0; Win64; x64) AppleWebKit/537.36 (KHTML, like Gecko) Chrome/83.0.4103.116 Safari/537.36"
::1 - - [22/Jul/2020:00:51:37 +0000] "GET /css/Footer.css HTTP/1.1" 404 153 "http://localhost:3001/" "Mozilla/5.0 (Windows NT 10.0; Win64; x64) AppleWebKit/537.36 (KHTML, like Gecko) Chrome/83.0.4103.116 Safari/537.36"
::1 - - [22/Jul/2020:00:51:37 +0000] "GET /css/Title.css HTTP/1.1" 404 152 "http://localhost:3001/" "Mozilla/5.0 (Windows NT 10.0; Win64; x64) AppleWebKit/537.36 (KHTML, like Gecko) Chrome/83.0.4103.116 Safari/537.36"
::1 - - [22/Jul/2020:00:55:09 +0000] "GET /css/App.css HTTP/1.1" 404 150 "http://localhost:3001/" "Mozilla/5.0 (Windows NT 10.0; Win64; x64) AppleWebKit/537.36 (KHTML, like Gecko) Chrome/83.0.4103.116 Safari/537.36"
::1 - - [22/Jul/2020:00:55:09 +0000] "GET /css/index.css HTTP/1.1" 404 152 "http://localhost:3001/" "Mozilla/5.0 (Windows NT 10.0; Win64; x64) AppleWebKit/537.36 (KHTML, like Gecko) Chrome/83.0.4103.116 Safari/537.36"
::1 - - [22/Jul/2020:00:55:09 +0000] "GET /css/Footer.css HTTP/1.1" 404 153 "http://localhost:3001/" "Mozilla/5.0 (Windows NT 10.0; Win64; x64) AppleWebKit/537.36 (KHTML, like Gecko) Chrome/83.0.4103.116 Safari/537.36"
::1 - - [22/Jul/2020:00:55:09 +0000] "GET /css/Title.css HTTP/1.1" 404 152 "http://localhost:3001/" "Mozilla/5.0 (Windows NT 10.0; Win64; x64) AppleWebKit/537.36 (KHTML, like Gecko) Chrome/83.0.4103.116 Safari/537.36"
::1 - - [22/Jul/2020:00:55:12 +0000] "GET /css/App.css HTTP/1.1" 404 150 "http://localhost:3001/" "Mozilla/5.0 (Windows NT 10.0; Win64; x64) AppleWebKit/537.36 (KHTML, like Gecko) Chrome/83.0.4103.116 Safari/537.36"
::1 - - [22/Jul/2020:00:55:12 +0000] "GET /css/index.css HTTP/1.1" 404 152 "http://localhost:3001/" "Mozilla/5.0 (Windows NT 10.0; Win64; x64) AppleWebKit/537.36 (KHTML, like Gecko) Chrome/83.0.4103.116 Safari/537.36"
::1 - - [22/Jul/2020:00:55:12 +0000] "GET /css/Footer.css HTTP/1.1" 404 153 "http://localhost:3001/" "Mozilla/5.0 (Windows NT 10.0; Win64; x64) AppleWebKit/537.36 (KHTML, like Gecko) Chrome/83.0.4103.116 Safari/537.36"
::1 - - [22/Jul/2020:00:55:12 +0000] "GET /css/Title.css HTTP/1.1" 404 152 "http://localhost:3001/" "Mozilla/5.0 (Windows NT 10.0; Win64; x64) AppleWebKit/537.36 (KHTML, like Gecko) Chrome/83.0.4103.116 Safari/537.36"
::1 - - [22/Jul/2020:00:55:31 +0000] "GET /css/App.css HTTP/1.1" 404 150 "http://localhost:3001/" "Mozilla/5.0 (Windows NT 10.0; Win64; x64) AppleWebKit/537.36 (KHTML, like Gecko) Chrome/83.0.4103.116 Safari/537.36"
::1 - - [22/Jul/2020:00:55:31 +0000] "GET /css/index.css HTTP/1.1" 404 152 "http://localhost:3001/" "Mozilla/5.0 (Windows NT 10.0; Win64; x64) AppleWebKit/537.36 (KHTML, like Gecko) Chrome/83.0.4103.116 Safari/537.36"
::1 - - [22/Jul/2020:00:55:31 +0000] "GET /css/Footer.css HTTP/1.1" 404 153 "http://localhost:3001/" "Mozilla/5.0 (Windows NT 10.0; Win64; x64) AppleWebKit/537.36 (KHTML, like Gecko) Chrome/83.0.4103.116 Safari/537.36"
::1 - - [22/Jul/2020:00:55:31 +0000] "GET /css/Title.css HTTP/1.1" 404 152 "http://localhost:3001/" "Mozilla/5.0 (Windows NT 10.0; Win64; x64) AppleWebKit/537.36 (KHTML, like Gecko) Chrome/83.0.4103.116 Safari/537.36"
::1 - - [22/Jul/2020:00:57:06 +0000] "GET /css/App.css HTTP/1.1" 404 150 "http://localhost:3001/" "Mozilla/5.0 (Windows NT 10.0; Win64; x64) AppleWebKit/537.36 (KHTML, like Gecko) Chrome/83.0.4103.116 Safari/537.36"
::1 - - [22/Jul/2020:00:57:06 +0000] "GET /css/index.css HTTP/1.1" 404 152 "http://localhost:3001/" "Mozilla/5.0 (Windows NT 10.0; Win64; x64) AppleWebKit/537.36 (KHTML, like Gecko) Chrome/83.0.4103.116 Safari/537.36"
::1 - - [22/Jul/2020:00:57:06 +0000] "GET /css/Footer.css HTTP/1.1" 404 153 "http://localhost:3001/" "Mozilla/5.0 (Windows NT 10.0; Win64; x64) AppleWebKit/537.36 (KHTML, like Gecko) Chrome/83.0.4103.116 Safari/537.36"
::1 - - [22/Jul/2020:00:57:06 +0000] "GET /css/Title.css HTTP/1.1" 404 152 "http://localhost:3001/" "Mozilla/5.0 (Windows NT 10.0; Win64; x64) AppleWebKit/537.36 (KHTML, like Gecko) Chrome/83.0.4103.116 Safari/537.36"
::1 - - [22/Jul/2020:00:59:47 +0000] "GET /css/App.css HTTP/1.1" 404 150 "http://localhost:3001/" "Mozilla/5.0 (Windows NT 10.0; Win64; x64) AppleWebKit/537.36 (KHTML, like Gecko) Chrome/83.0.4103.116 Safari/537.36"
::1 - - [22/Jul/2020:00:59:47 +0000] "GET /css/index.css HTTP/1.1" 404 152 "http://localhost:3001/" "Mozilla/5.0 (Windows NT 10.0; Win64; x64) AppleWebKit/537.36 (KHTML, like Gecko) Chrome/83.0.4103.116 Safari/537.36"
::1 - - [22/Jul/2020:00:59:47 +0000] "GET /css/Footer.css HTTP/1.1" 404 153 "http://localhost:3001/" "Mozilla/5.0 (Windows NT 10.0; Win64; x64) AppleWebKit/537.36 (KHTML, like Gecko) Chrome/83.0.4103.116 Safari/537.36"
::1 - - [22/Jul/2020:00:59:47 +0000] "GET /css/Title.css HTTP/1.1" 404 152 "http://localhost:3001/" "Mozilla/5.0 (Windows NT 10.0; Win64; x64) AppleWebKit/537.36 (KHTML, like Gecko) Chrome/83.0.4103.116 Safari/537.36"
::1 - - [22/Jul/2020:00:59:50 +0000] "GET /css/App.css HTTP/1.1" 404 150 "http://localhost:3001/" "Mozilla/5.0 (Windows NT 10.0; Win64; x64) AppleWebKit/537.36 (KHTML, like Gecko) Chrome/83.0.4103.116 Safari/537.36"
::1 - - [22/Jul/2020:00:59:50 +0000] "GET /css/index.css HTTP/1.1" 404 152 "http://localhost:3001/" "Mozilla/5.0 (Windows NT 10.0; Win64; x64) AppleWebKit/537.36 (KHTML, like Gecko) Chrome/83.0.4103.116 Safari/537.36"
::1 - - [22/Jul/2020:00:59:50 +0000] "GET /css/Footer.css HTTP/1.1" 404 153 "http://localhost:3001/" "Mozilla/5.0 (Windows NT 10.0; Win64; x64) AppleWebKit/537.36 (KHTML, like Gecko) Chrome/83.0.4103.116 Safari/537.36"
::1 - - [22/Jul/2020:00:59:50 +0000] "GET /css/Title.css HTTP/1.1" 404 152 "http://localhost:3001/" "Mozilla/5.0 (Windows NT 10.0; Win64; x64) AppleWebKit/537.36 (KHTML, like Gecko) Chrome/83.0.4103.116 Safari/537.36"
::1 - - [22/Jul/2020:00:59:51 +0000] "GET /css/App.css HTTP/1.1" 404 150 "http://localhost:3001/" "Mozilla/5.0 (Windows NT 10.0; Win64; x64) AppleWebKit/537.36 (KHTML, like Gecko) Chrome/83.0.4103.116 Safari/537.36"
::1 - - [22/Jul/2020:00:59:51 +0000] "GET /css/index.css HTTP/1.1" 404 152 "http://localhost:3001/" "Mozilla/5.0 (Windows NT 10.0; Win64; x64) AppleWebKit/537.36 (KHTML, like Gecko) Chrome/83.0.4103.116 Safari/537.36"
::1 - - [22/Jul/2020:00:59:51 +0000] "GET /css/Footer.css HTTP/1.1" 404 153 "http://localhost:3001/" "Mozilla/5.0 (Windows NT 10.0; Win64; x64) AppleWebKit/537.36 (KHTML, like Gecko) Chrome/83.0.4103.116 Safari/537.36"
::1 - - [22/Jul/2020:00:59:51 +0000] "GET /css/Title.css HTTP/1.1" 404 152 "http://localhost:3001/" "Mozilla/5.0 (Windows NT 10.0; Win64; x64) AppleWebKit/537.36 (KHTML, like Gecko) Chrome/83.0.4103.116 Safari/537.36"
::1 - - [22/Jul/2020:00:59:53 +0000] "GET /css/App.css HTTP/1.1" 404 150 "http://localhost:3001/" "Mozilla/5.0 (Windows NT 10.0; Win64; x64) AppleWebKit/537.36 (KHTML, like Gecko) Chrome/83.0.4103.116 Safari/537.36"
::1 - - [22/Jul/2020:00:59:53 +0000] "GET /css/index.css HTTP/1.1" 404 152 "http://localhost:3001/" "Mozilla/5.0 (Windows NT 10.0; Win64; x64) AppleWebKit/537.36 (KHTML, like Gecko) Chrome/83.0.4103.116 Safari/537.36"
::1 - - [22/Jul/2020:00:59:53 +0000] "GET /css/Footer.css HTTP/1.1" 404 153 "http://localhost:3001/" "Mozilla/5.0 (Windows NT 10.0; Win64; x64) AppleWebKit/537.36 (KHTML, like Gecko) Chrome/83.0.4103.116 Safari/537.36"
::1 - - [22/Jul/2020:00:59:53 +0000] "GET /css/Title.css HTTP/1.1" 404 152 "http://localhost:3001/" "Mozilla/5.0 (Windows NT 10.0; Win64; x64) AppleWebKit/537.36 (KHTML, like Gecko) Chrome/83.0.4103.116 Safari/537.36"
::1 - - [22/Jul/2020:01:01:29 +0000] "GET /css/App.css HTTP/1.1" 404 150 "http://localhost:3001/" "Mozilla/5.0 (Windows NT 10.0; Win64; x64) AppleWebKit/537.36 (KHTML, like Gecko) Chrome/83.0.4103.116 Safari/537.36"
::1 - - [22/Jul/2020:01:01:29 +0000] "GET /css/index.css HTTP/1.1" 404 152 "http://localhost:3001/" "Mozilla/5.0 (Windows NT 10.0; Win64; x64) AppleWebKit/537.36 (KHTML, like Gecko) Chrome/83.0.4103.116 Safari/537.36"
::1 - - [22/Jul/2020:01:01:29 +0000] "GET /css/Footer.css HTTP/1.1" 404 153 "http://localhost:3001/" "Mozilla/5.0 (Windows NT 10.0; Win64; x64) AppleWebKit/537.36 (KHTML, like Gecko) Chrome/83.0.4103.116 Safari/537.36"
::1 - - [22/Jul/2020:01:01:29 +0000] "GET /css/Title.css HTTP/1.1" 404 152 "http://localhost:3001/" "Mozilla/5.0 (Windows NT 10.0; Win64; x64) AppleWebKit/537.36 (KHTML, like Gecko) Chrome/83.0.4103.116 Safari/537.36"
::1 - - [22/Jul/2020:01:01:33 +0000] "GET /css/App.css HTTP/1.1" 404 150 "http://localhost:3001/" "Mozilla/5.0 (Windows NT 10.0; Win64; x64) AppleWebKit/537.36 (KHTML, like Gecko) Chrome/83.0.4103.116 Safari/537.36"
::1 - - [22/Jul/2020:01:01:33 +0000] "GET /css/index.css HTTP/1.1" 404 152 "http://localhost:3001/" "Mozilla/5.0 (Windows NT 10.0; Win64; x64) AppleWebKit/537.36 (KHTML, like Gecko) Chrome/83.0.4103.116 Safari/537.36"
::1 - - [22/Jul/2020:01:01:33 +0000] "GET /css/Footer.css HTTP/1.1" 404 153 "http://localhost:3001/" "Mozilla/5.0 (Windows NT 10.0; Win64; x64) AppleWebKit/537.36 (KHTML, like Gecko) Chrome/83.0.4103.116 Safari/537.36"
::1 - - [22/Jul/2020:01:01:33 +0000] "GET /css/Title.css HTTP/1.1" 404 152 "http://localhost:3001/" "Mozilla/5.0 (Windows NT 10.0; Win64; x64) AppleWebKit/537.36 (KHTML, like Gecko) Chrome/83.0.4103.116 Safari/537.36"
::1 - - [22/Jul/2020:01:11:49 +0000] "GET /css/index.css HTTP/1.1" 404 152 "http://localhost:3001/" "Mozilla/5.0 (Windows NT 10.0; Win64; x64) AppleWebKit/537.36 (KHTML, like Gecko) Chrome/83.0.4103.116 Safari/537.36"
::1 - - [22/Jul/2020:01:11:49 +0000] "GET /css/Footer.css HTTP/1.1" 404 153 "http://localhost:3001/" "Mozilla/5.0 (Windows NT 10.0; Win64; x64) AppleWebKit/537.36 (KHTML, like Gecko) Chrome/83.0.4103.116 Safari/537.36"
::1 - - [22/Jul/2020:01:11:49 +0000] "GET /css/Title.css HTTP/1.1" 404 152 "http://localhost:3001/" "Mozilla/5.0 (Windows NT 10.0; Win64; x64) AppleWebKit/537.36 (KHTML, like Gecko) Chrome/83.0.4103.116 Safari/537.36"
::1 - - [22/Jul/2020:01:11:49 +0000] "GET /css/Footer.css HTTP/1.1" 404 153 "http://localhost:3001/" "Mozilla/5.0 (Windows NT 10.0; Win64; x64) AppleWebKit/537.36 (KHTML, like Gecko) Chrome/83.0.4103.116 Safari/537.36"
::1 - - [22/Jul/2020:01:11:49 +0000] "GET /css/Title.css HTTP/1.1" 404 152 "http://localhost:3001/" "Mozilla/5.0 (Windows NT 10.0; Win64; x64) AppleWebKit/537.36 (KHTML, like Gecko) Chrome/83.0.4103.116 Safari/537.36"
::1 - - [22/Jul/2020:01:15:44 +0000] "GET / HTTP/1.1" 500 3022 "-" "Mozilla/5.0 (Windows NT 10.0; Win64; x64) AppleWebKit/537.36 (KHTML, like Gecko) Chrome/83.0.4103.116 Safari/537.36"
::1 - - [22/Jul/2020:01:18:40 +0000] "GET / HTTP/1.1" 500 2264 "-" "Mozilla/5.0 (Windows NT 10.0; Win64; x64) AppleWebKit/537.36 (KHTML, like Gecko) Chrome/83.0.4103.116 Safari/537.36"
::1 - - [22/Jul/2020:01:47:52 +0000] "GET /banner.png HTTP/1.1" 404 149 "http://localhost:3001/" "Mozilla/5.0 (Windows NT 10.0; Win64; x64) AppleWebKit/537.36 (KHTML, like Gecko) Chrome/83.0.4103.116 Safari/537.36"
::1 - - [22/Jul/2020:01:48:27 +0000] "GET /banner HTTP/1.1" 404 145 "http://localhost:3001/" "Mozilla/5.0 (Windows NT 10.0; Win64; x64) AppleWebKit/537.36 (KHTML, like Gecko) Chrome/83.0.4103.116 Safari/537.36"
::1 - - [22/Jul/2020:01:49:15 +0000] "GET /banner.png HTTP/1.1" 404 149 "http://localhost:3001/" "Mozilla/5.0 (Windows NT 10.0; Win64; x64) AppleWebKit/537.36 (KHTML, like Gecko) Chrome/83.0.4103.116 Safari/537.36"
::1 - - [22/Jul/2020:01:50:16 +0000] "GET /banner.png HTTP/1.1" 404 149 "http://localhost:3001/" "Mozilla/5.0 (Windows NT 10.0; Win64; x64) AppleWebKit/537.36 (KHTML, like Gecko) Chrome/83.0.4103.116 Safari/537.36"
::1 - - [22/Jul/2020:01:50:47 +0000] "GET /banner.png HTTP/1.1" 404 149 "http://localhost:3001/" "Mozilla/5.0 (Windows NT 10.0; Win64; x64) AppleWebKit/537.36 (KHTML, like Gecko) Chrome/83.0.4103.116 Safari/537.36"
::1 - - [22/Jul/2020:01:51:11 +0000] "GET /banner.png HTTP/1.1" 404 149 "http://localhost:3001/" "Mozilla/5.0 (Windows NT 10.0; Win64; x64) AppleWebKit/537.36 (KHTML, like Gecko) Chrome/83.0.4103.116 Safari/537.36"
::1 - - [22/Jul/2020:01:51:27 +0000] "GET /banner.png HTTP/1.1" 404 149 "http://localhost:3001/" "Mozilla/5.0 (Windows NT 10.0; Win64; x64) AppleWebKit/537.36 (KHTML, like Gecko) Chrome/83.0.4103.116 Safari/537.36"
::1 - - [22/Jul/2020:01:54:30 +0000] "GET /banner.png HTTP/1.1" 404 149 "http://localhost:3001/" "Mozilla/5.0 (Windows NT 10.0; Win64; x64) AppleWebKit/537.36 (KHTML, like Gecko) Chrome/83.0.4103.116 Safari/537.36"
::1 - - [22/Jul/2020:01:56:49 +0000] "GET /banner.png HTTP/1.1" 404 149 "http://localhost:3001/" "Mozilla/5.0 (Windows NT 10.0; Win64; x64) AppleWebKit/537.36 (KHTML, like Gecko) Chrome/83.0.4103.116 Safari/537.36"
::1 - - [22/Jul/2020:01:57:29 +0000] "GET /banner.png HTTP/1.1" 404 149 "http://localhost:3001/" "Mozilla/5.0 (Windows NT 10.0; Win64; x64) AppleWebKit/537.36 (KHTML, like Gecko) Chrome/83.0.4103.116 Safari/537.36"
::1 - - [22/Jul/2020:01:58:19 +0000] "GET /banner.png HTTP/1.1" 404 149 "http://localhost:3001/" "Mozilla/5.0 (Windows NT 10.0; Win64; x64) AppleWebKit/537.36 (KHTML, like Gecko) Chrome/83.0.4103.116 Safari/537.36"
::1 - - [22/Jul/2020:02:02:24 +0000] "GET /banner.png HTTP/1.1" 404 149 "http://localhost:3001/" "Mozilla/5.0 (Windows NT 10.0; Win64; x64) AppleWebKit/537.36 (KHTML, like Gecko) Chrome/83.0.4103.116 Safari/537.36"
::1 - - [22/Jul/2020:02:02:57 +0000] "GET /banner.png HTTP/1.1" 404 149 "http://localhost:3001/" "Mozilla/5.0 (Windows NT 10.0; Win64; x64) AppleWebKit/537.36 (KHTML, like Gecko) Chrome/83.0.4103.116 Safari/537.36"
::1 - - [22/Jul/2020:02:03:31 +0000] "GET /banner.png HTTP/1.1" 404 149 "http://localhost:3001/" "Mozilla/5.0 (Windows NT 10.0; Win64; x64) AppleWebKit/537.36 (KHTML, like Gecko) Chrome/83.0.4103.116 Safari/537.36"
::1 - - [22/Jul/2020:02:03:50 +0000] "GET /banner.png HTTP/1.1" 404 149 "http://localhost:3001/" "Mozilla/5.0 (Windows NT 10.0; Win64; x64) AppleWebKit/537.36 (KHTML, like Gecko) Chrome/83.0.4103.116 Safari/537.36"
::1 - - [22/Jul/2020:02:04:06 +0000] "GET /banner.png HTTP/1.1" 404 149 "http://localhost:3001/" "Mozilla/5.0 (Windows NT 10.0; Win64; x64) AppleWebKit/537.36 (KHTML, like Gecko) Chrome/83.0.4103.116 Safari/537.36"
::1 - - [22/Jul/2020:02:04:38 +0000] "GET /banner.png HTTP/1.1" 404 149 "http://localhost:3001/" "Mozilla/5.0 (Windows NT 10.0; Win64; x64) AppleWebKit/537.36 (KHTML, like Gecko) Chrome/83.0.4103.116 Safari/537.36"
::1 - - [22/Jul/2020:02:06:04 +0000] "GET /banner.png HTTP/1.1" 404 149 "http://localhost:3001/" "Mozilla/5.0 (Windows NT 10.0; Win64; x64) AppleWebKit/537.36 (KHTML, like Gecko) Chrome/83.0.4103.116 Safari/537.36"
::1 - - [22/Jul/2020:02:06:59 +0000] "GET /banner.png HTTP/1.1" 404 149 "http://localhost:3001/" "Mozilla/5.0 (Windows NT 10.0; Win64; x64) AppleWebKit/537.36 (KHTML, like Gecko) Chrome/83.0.4103.116 Safari/537.36"
::1 - - [22/Jul/2020:03:27:30 +0000] "GET /auth/elere/erer HTTP/1.1" 404 154 "-" "Mozilla/5.0 (Windows NT 10.0; Win64; x64) AppleWebKit/537.36 (KHTML, like Gecko) Chrome/83.0.4103.116 Safari/537.36"
::1 - - [22/Jul/2020:03:27:45 +0000] "GET /auth/verification/elere/erer HTTP/1.1" 404 167 "-" "Mozilla/5.0 (Windows NT 10.0; Win64; x64) AppleWebKit/537.36 (KHTML, like Gecko) Chrome/83.0.4103.116 Safari/537.36"
::1 - - [22/Jul/2020:03:28:03 +0000] "GET /auth/confirmation/elere/erer HTTP/1.1" 500 2539 "-" "Mozilla/5.0 (Windows NT 10.0; Win64; x64) AppleWebKit/537.36 (KHTML, like Gecko) Chrome/83.0.4103.116 Safari/537.36"
::1 - - [22/Jul/2020:03:35:31 +0000] "GET /auth/confirmation/elere/erer HTTP/1.1" 400 22 "-" "Mozilla/5.0 (Windows NT 10.0; Win64; x64) AppleWebKit/537.36 (KHTML, like Gecko) Chrome/83.0.4103.116 Safari/537.36"
::1 - - [22/Jul/2020:03:35:58 +0000] "GET /auth/confirmation/waldo@fmf.com/erer HTTP/1.1" 400 2 "-" "Mozilla/5.0 (Windows NT 10.0; Win64; x64) AppleWebKit/537.36 (KHTML, like Gecko) Chrome/83.0.4103.116 Safari/537.36"
::1 - - [22/Jul/2020:03:36:43 +0000] "GET /auth/confirmation/waldo@fmf.com/ HTTP/1.1" 404 171 "-" "Mozilla/5.0 (Windows NT 10.0; Win64; x64) AppleWebKit/537.36 (KHTML, like Gecko) Chrome/83.0.4103.116 Safari/537.36"
::1 - - [22/Jul/2020:03:36:51 +0000] "GET /auth/confirmation/waldo@fmf.com/ HTTP/1.1" 404 171 "-" "Mozilla/5.0 (Windows NT 10.0; Win64; x64) AppleWebKit/537.36 (KHTML, like Gecko) Chrome/83.0.4103.116 Safari/537.36"
::1 - - [22/Jul/2020:03:36:56 +0000] "GET /auth/confirmation/waldo@fmf.com/d HTTP/1.1" 400 2 "-" "Mozilla/5.0 (Windows NT 10.0; Win64; x64) AppleWebKit/537.36 (KHTML, like Gecko) Chrome/83.0.4103.116 Safari/537.36"
::1 - - [22/Jul/2020:03:37:54 +0000] "GET /auth/confirmation/waldo@fmf.com/d HTTP/1.1" 400 7035 "-" "Mozilla/5.0 (Windows NT 10.0; Win64; x64) AppleWebKit/537.36 (KHTML, like Gecko) Chrome/83.0.4103.116 Safari/537.36"
::1 - - [22/Jul/2020:03:39:45 +0000] "GET /auth/confirmation/waldo@fmf.com/d HTTP/1.1" 400 7165 "-" "Mozilla/5.0 (Windows NT 10.0; Win64; x64) AppleWebKit/537.36 (KHTML, like Gecko) Chrome/83.0.4103.116 Safari/537.36"
::1 - - [22/Jul/2020:03:41:29 +0000] "GET /auth/confirmation/waldo@fmf.com/d HTTP/1.1" 400 7112 "-" "Mozilla/5.0 (Windows NT 10.0; Win64; x64) AppleWebKit/537.36 (KHTML, like Gecko) Chrome/83.0.4103.116 Safari/537.36"
::1 - - [22/Jul/2020:03:42:38 +0000] "GET /auth/confirmation/waldofmf.com/d HTTP/1.1" 400 7065 "-" "Mozilla/5.0 (Windows NT 10.0; Win64; x64) AppleWebKit/537.36 (KHTML, like Gecko) Chrome/83.0.4103.116 Safari/537.36"
::1 - - [22/Jul/2020:03:42:51 +0000] "GET /auth/confirmation/waldo@fmf.com/d HTTP/1.1" 400 7115 "-" "Mozilla/5.0 (Windows NT 10.0; Win64; x64) AppleWebKit/537.36 (KHTML, like Gecko) Chrome/83.0.4103.116 Safari/537.36"
::1 - - [22/Jul/2020:03:45:27 +0000] "GET /auth/confirmation/waldo@fmf.com/d HTTP/1.1" 400 7115 "-" "Mozilla/5.0 (Windows NT 10.0; Win64; x64) AppleWebKit/537.36 (KHTML, like Gecko) Chrome/83.0.4103.116 Safari/537.36"
::1 - - [22/Jul/2020:03:45:42 +0000] "GET /auth/confirmation/waldo@fmf.com/ HTTP/1.1" 404 171 "-" "Mozilla/5.0 (Windows NT 10.0; Win64; x64) AppleWebKit/537.36 (KHTML, like Gecko) Chrome/83.0.4103.116 Safari/537.36"
::1 - - [22/Jul/2020:03:45:48 +0000] "GET /auth/confirmation/waldo@fmf.com/ HTTP/1.1" 404 171 "-" "Mozilla/5.0 (Windows NT 10.0; Win64; x64) AppleWebKit/537.36 (KHTML, like Gecko) Chrome/83.0.4103.116 Safari/537.36"
::1 - - [22/Jul/2020:03:46:03 +0000] "GET /auth/confirmation/waldo@fmf.com/a HTTP/1.1" 400 7115 "-" "Mozilla/5.0 (Windows NT 10.0; Win64; x64) AppleWebKit/537.36 (KHTML, like Gecko) Chrome/83.0.4103.116 Safari/537.36"
::1 - - [22/Jul/2020:03:46:09 +0000] "GET /auth/confirmation//a HTTP/1.1" 404 159 "-" "Mozilla/5.0 (Windows NT 10.0; Win64; x64) AppleWebKit/537.36 (KHTML, like Gecko) Chrome/83.0.4103.116 Safari/537.36"
::1 - - [22/Jul/2020:03:46:18 +0000] "GET /auth/confirmation/s/a HTTP/1.1" 400 7065 "-" "Mozilla/5.0 (Windows NT 10.0; Win64; x64) AppleWebKit/537.36 (KHTML, like Gecko) Chrome/83.0.4103.116 Safari/537.36"
::1 - - [22/Jul/2020:03:49:12 +0000] "GET /auth/confirmation/s/eyJhbGciOiJIUzI1NiIsInR5cCI6IkpXVCJ9.eyJlbWFpbCI6IndhbGRvbWlsYW5lc0BnbWFpbC5jb20iLCJfaWQiOiI1ZjE3NzhhZjRlMzZhOTQ3MmM3MGU1ODIiLCJpYXQiOjE1OTUzNzM3NDN9.LD6BNPuQTYboRZa9gyypWNmsU1WtnJxN4afiYuytais HTTP/1.1" 400 7065 "-" "Mozilla/5.0 (Windows NT 10.0; Win64; x64) AppleWebKit/537.36 (KHTML, like Gecko) Chrome/83.0.4103.116 Safari/537.36"
::1 - - [22/Jul/2020:03:49:24 +0000] "GET /auth/confirmation/wa3@dr.cl/eyJhbGciOiJIUzI1NiIsInR5cCI6IkpXVCJ9.eyJlbWFpbCI6IndhbGRvbWlsYW5lc0BnbWFpbC5jb20iLCJfaWQiOiI1ZjE3NzhhZjRlMzZhOTQ3MmM3MGU1ODIiLCJpYXQiOjE1OTUzNzM3NDN9.LD6BNPuQTYboRZa9gyypWNmsU1WtnJxN4afiYuytais HTTP/1.1" 400 7115 "-" "Mozilla/5.0 (Windows NT 10.0; Win64; x64) AppleWebKit/537.36 (KHTML, like Gecko) Chrome/83.0.4103.116 Safari/537.36"
::1 - - [22/Jul/2020:03:49:59 +0000] "GET /auth/confirmation/waldomilanes@gmail.com/eyJhbGciOiJIUzI1NiIsInR5cCI6IkpXVCJ9.eyJlbWFpbCI6IndhbGRvbWlsYW5lc0BnbWFpbC5jb20iLCJfaWQiOiI1ZjE3Yjc1Y2MzMGZmZTE3YjBiOTAyZmMiLCJpYXQiOjE1OTUzODk3ODh9.r9T9b3gD_drwTyeWl5kg2-wVVZTpa7P4QsUxOZgP0ws HTTP/1.1" 400 7115 "-" "Mozilla/5.0 (Windows NT 10.0; Win64; x64) AppleWebKit/537.36 (KHTML, like Gecko) Chrome/83.0.4103.116 Safari/537.36"
::1 - - [22/Jul/2020:04:11:03 +0000] "GET /auth/confirmation/waldomilanes@gmail.com/5f17b9952ee5f64c7823c6d0/eyJhbGciOiJIUzI1NiIsInR5cCI6IkpXVCJ9.eyJlbWFpbCI6IndhbGRvbWlsYW5lc0BnbWFpbC5jb20iLCJfaWQiOiI1ZjE3Yjk5NTJlZTVmNjRjNzgyM2M2ZDAiLCJpYXQiOjE1OTUzOTAzNTd9.zSsgeWLTYh2w2UoZDGhS9tULT10KfpHJUQGcL-pUpio HTTP/1.1" 400 7163 "-" "Mozilla/5.0 (Windows NT 10.0; Win64; x64) AppleWebKit/537.36 (KHTML, like Gecko) Chrome/83.0.4103.116 Safari/537.36"
::1 - - [22/Jul/2020:04:11:43 +0000] "GET /auth/confirmation/waldomilanes@gmail.com/5f17b9952ee5f64c7823c6d0/eyJhbGciOiJIUzI1NiIsInR5cCI6IkpXVCJ9.eyJlbWFpbCI6IndhbGRvbWlsYW5lc0BnbWFpbC5jb20iLCJfaWQiOiI1ZjE3Yjk5NTJlZTVmNjRjNzgyM2M2ZDAiLCJpYXQiOjE1OTUzOTAzNTd9.zSsgeWLTYh2w2UoZDGhS9tULT10KfpHJUQGcL-pUpio HTTP/1.1" 400 7159 "-" "Mozilla/5.0 (Windows NT 10.0; Win64; x64) AppleWebKit/537.36 (KHTML, like Gecko) Chrome/83.0.4103.116 Safari/537.36"
::1 - - [22/Jul/2020:04:12:25 +0000] "GET /auth/confirmation/waldomilanes@gmail.com/5f17b9952ee5f64c7823c6d0/eyJhbGciOiJIUzI1NiIsInR5cCI6IkpXVCJ9.eyJlbWFpbCI6IndhbGRvbWlsYW5lc0BnbWFpbC5jb20iLCJfaWQiOiI1ZjE3Yjk5NTJlZTVmNjRjNzgyM2M2ZDAiLCJpYXQiOjE1OTUzOTAzNTd9.zSsgeWLTYh2w2UoZDGhS9tULT10KfpHJUQGcL-pUpio HTTP/1.1" 400 7229 "-" "Mozilla/5.0 (Windows NT 10.0; Win64; x64) AppleWebKit/537.36 (KHTML, like Gecko) Chrome/83.0.4103.116 Safari/537.36"
::1 - - [22/Jul/2020:04:12:39 +0000] "GET /auth/confirmation/waldomilanes@gmail.com/5f17b9952ee5f64c7823c6d0/eyJhbGciOiJIUzI1NiIsInR5cCI6IkpXVCJ9.eyJlbWFpbCI6IndhbGRvbWlsYW5lc0BnbWFpbC5jb20iLCJfaWQiOiI1ZjE3Yjk5NTJlZTVmNjRjNzgyM2M2ZDAiLCJpYXQiOjE1OTUzOTAzNTd9.zSsgeWLTYh2w2UoZDGhS9tULT10KfpHJUQGcL-pUpio HTTP/1.1" 400 7221 "-" "Mozilla/5.0 (Windows NT 10.0; Win64; x64) AppleWebKit/537.36 (KHTML, like Gecko) Chrome/83.0.4103.116 Safari/537.36"
::1 - - [22/Jul/2020:04:13:09 +0000] "GET /auth/confirmation/waldomilanes@gmail.com/5f17b9952ee5f64c7823c6d0/eyJhbGciOiJIUzI1NiIsInR5cCI6IkpXVCJ9.eyJlbWFpbCI6IndhbGRvbWlsYW5lc0BnbWFpbC5jb20iLCJfaWQiOiI1ZjE3Yjk5NTJlZTVmNjRjNzgyM2M2ZDAiLCJpYXQiOjE1OTUzOTAzNTd9.zSsgeWLTYh2w2UoZDGhS9tULT10KfpHJUQGcL-pUpio HTTP/1.1" 400 7225 "-" "Mozilla/5.0 (Windows NT 10.0; Win64; x64) AppleWebKit/537.36 (KHTML, like Gecko) Chrome/83.0.4103.116 Safari/537.36"
::1 - - [22/Jul/2020:04:15:30 +0000] "GET /auth/confirmation/waldomilanes@gmail.com/5f17b9952ee5f64c7823c6d0/eyJhbGciOiJIUzI1NiIsInR5cCI6IkpXVCJ9.eyJlbWFpbCI6IndhbGRvbWlsYW5lc0BnbWFpbC5jb20iLCJfaWQiOiI1ZjE3Yjk5NTJlZTVmNjRjNzgyM2M2ZDAiLCJpYXQiOjE1OTUzOTAzNTd9.zSsgeWLTYh2w2UoZDGhS9tULT10KfpHJUQGcL-pUpio HTTP/1.1" 400 7618 "-" "Mozilla/5.0 (Windows NT 10.0; Win64; x64) AppleWebKit/537.36 (KHTML, like Gecko) Chrome/83.0.4103.116 Safari/537.36"
::1 - - [22/Jul/2020:04:15:52 +0000] "GET /auth/confirmation/waldomilanes@gmail.com/5f17b9952ee5f64c7823c6d0/eyJhbGciOiJIUzI1NiIsInR5cCI6IkpXVCJ9.eyJlbWFpbCI6IndhbGRvbWlsYW5lc0BnbWFpbC5jb20iLCJfaWQiOiI1ZjE3Yjk5NTJlZTVmNjRjNzgyM2M2ZDAiLCJpYXQiOjE1OTUzOTAzNTd9.zSsgeWLTYh2w2UoZDGhS9tULT10KfpHJUQGcL-pUpio HTTP/1.1" 400 7556 "-" "Mozilla/5.0 (Windows NT 10.0; Win64; x64) AppleWebKit/537.36 (KHTML, like Gecko) Chrome/83.0.4103.116 Safari/537.36"
::1 - - [22/Jul/2020:04:16:10 +0000] "GET /auth/confirmation/waldomilanes@gmail.com/5f17b9952ee5f64c7823c6d0/eyJhbGciOiJIUzI1NiIsInR5cCI6IkpXVCJ9.eyJlbWFpbCI6IndhbGRvbWlsYW5lc0BnbWFpbC5jb20iLCJfaWQiOiI1ZjE3Yjk5NTJlZTVmNjRjNzgyM2M2ZDAiLCJpYXQiOjE1OTUzOTAzNTd9.zSsgeWLTYh2w2UoZDGhS9tULT10KfpHJUQGcL-pUpio HTTP/1.1" 400 7556 "-" "Mozilla/5.0 (Windows NT 10.0; Win64; x64) AppleWebKit/537.36 (KHTML, like Gecko) Chrome/83.0.4103.116 Safari/537.36"
::1 - - [22/Jul/2020:04:17:02 +0000] "GET /auth/confirmation/waldomilanes@gmail.com/5f17b9952ee5f64c7823c6d0/eyJhbGciOiJIUzI1NiIsInR5cCI6IkpXVCJ9.eyJlbWFpbCI6IndhbGRvbWlsYW5lc0BnbWFpbC5jb20iLCJfaWQiOiI1ZjE3Yjk5NTJlZTVmNjRjNzgyM2M2ZDAiLCJpYXQiOjE1OTUzOTAzNTd9.zSsgeWLTYh2w2UoZDGhS9tULT10KfpHJUQGcL-pUpio HTTP/1.1" 400 7582 "-" "Mozilla/5.0 (Windows NT 10.0; Win64; x64) AppleWebKit/537.36 (KHTML, like Gecko) Chrome/83.0.4103.116 Safari/537.36"
::1 - - [22/Jul/2020:04:17:49 +0000] "GET /auth/confirmation/waldomilanes@gmail.com/5f17b9952ee5f64c7823c6d0/eyJhbGciOiJIUzI1NiIsInR5cCI6IkpXVCJ9.eyJlbWFpbCI6IndhbGRvbWlsYW5lc0BnbWFpbC5jb20iLCJfaWQiOiI1ZjE3Yjk5NTJlZTVmNjRjNzgyM2M2ZDAiLCJpYXQiOjE1OTUzOTAzNTd9.zSsgeWLTYh2w2UoZDGhS9tULT10KfpHJUQGcL-pUpio HTTP/1.1" 400 7601 "-" "Mozilla/5.0 (Windows NT 10.0; Win64; x64) AppleWebKit/537.36 (KHTML, like Gecko) Chrome/83.0.4103.116 Safari/537.36"
::1 - - [22/Jul/2020:04:18:16 +0000] "GET /auth/confirmation/waldomilanes@gmail.com/5f17b9952ee5f64c7823c6d0/eyJhbGciOiJIUzI1NiIsInR5cCI6IkpXVCJ9.eyJlbWFpbCI6IndhbGRvbWlsYW5lc0BnbWFpbC5jb20iLCJfaWQiOiI1ZjE3Yjk5NTJlZTVmNjRjNzgyM2M2ZDAiLCJpYXQiOjE1OTUzOTAzNTd9.zSsgeWLTYh2w2UoZDGhS9tULT10KfpHJUQGcL-pUpio HTTP/1.1" 400 7587 "-" "Mozilla/5.0 (Windows NT 10.0; Win64; x64) AppleWebKit/537.36 (KHTML, like Gecko) Chrome/83.0.4103.116 Safari/537.36"
::1 - - [22/Jul/2020:04:18:33 +0000] "GET /auth/confirmation/waldomilanes@gmail.com/5f17b9952ee5f64c7823c6d0/eyJhbGciOiJIUzI1NiIsInR5cCI6IkpXVCJ9.eyJlbWFpbCI6IndhbGRvbWlsYW5lc0BnbWFpbC5jb20iLCJfaWQiOiI1ZjE3Yjk5NTJlZTVmNjRjNzgyM2M2ZDAiLCJpYXQiOjE1OTUzOTAzNTd9.zSsgeWLTYh2w2UoZDGhS9tULT10KfpHJUQGcL-pUpio HTTP/1.1" 400 7587 "-" "Mozilla/5.0 (Windows NT 10.0; Win64; x64) AppleWebKit/537.36 (KHTML, like Gecko) Chrome/83.0.4103.116 Safari/537.36"
::1 - - [22/Jul/2020:04:19:54 +0000] "GET /auth/confirmation/waldomilanes@gmail.com/5f17b9952ee5f64c7823c6d0/eyJhbGciOiJIUzI1NiIsInR5cCI6IkpXVCJ9.eyJlbWFpbCI6IndhbGRvbWlsYW5lc0BnbWFpbC5jb20iLCJfaWQiOiI1ZjE3Yjk5NTJlZTVmNjRjNzgyM2M2ZDAiLCJpYXQiOjE1OTUzOTAzNTd9.zSsgeWLTYh2w2UoZDGhS9tULT10KfpHJUQGcL-pUpio HTTP/1.1" 400 7589 "-" "Mozilla/5.0 (Windows NT 10.0; Win64; x64) AppleWebKit/537.36 (KHTML, like Gecko) Chrome/83.0.4103.116 Safari/537.36"
::ffff:127.0.0.1 - - [22/Jul/2020:04:20:14 +0000] "GET /auth/confirmation/waldomilanes@gmail.com/5f17b9952ee5f64c7823c6d/eyJhbGciOiJIUzI1NiIsInR5cCI6IkpXVCJ9.eyJlbWFpbCI6IndhbGRvbWlsYW5lc0BnbWFpbC5jb20iLCJfaWQiOiI1ZjE3Yjk5NTJlZTVmNjRjNzgyM2M2ZDAiLCJpYXQiOjE1OTUzOTAzNTd9.zSsgeWLTYh2w2UoZDGhS9tULT10KfpHJUQGcL-pUpio HTTP/1.1" 400 7593 "-" "Mozilla/5.0 (Windows NT 10.0; Win64; x64) AppleWebKit/537.36 (KHTML, like Gecko) Chrome/83.0.4103.116 Safari/537.36"
::1 - - [22/Jul/2020:04:23:16 +0000] "GET /auth/confirmation/waldomilanes@gmail.com/5f17b9952ee5f64c7823c6d/eyJhbGciOiJIUzI1NiIsInR5cCI6IkpXVCJ9.eyJlbWFpbCI6IndhbGRvbWlsYW5lc0BnbWFpbC5jb20iLCJfaWQiOiI1ZjE3Yjk5NTJlZTVmNjRjNzgyM2M2ZDAiLCJpYXQiOjE1OTUzOTAzNTd9.zSsgeWLTYh2w2UoZDGhS9tULT10KfpHJUQGcL-pUpio HTTP/1.1" 400 7587 "-" "Mozilla/5.0 (Windows NT 10.0; Win64; x64) AppleWebKit/537.36 (KHTML, like Gecko) Chrome/83.0.4103.116 Safari/537.36"
::1 - - [22/Jul/2020:04:23:25 +0000] "GET /auth/confirmation/waldomilanes@gmail.com/5f17b9952ee5f64c7823c6d0/eyJhbGciOiJIUzI1NiIsInR5cCI6IkpXVCJ9.eyJlbWFpbCI6IndhbGRvbWlsYW5lc0BnbWFpbC5jb20iLCJfaWQiOiI1ZjE3Yjk5NTJlZTVmNjRjNzgyM2M2ZDAiLCJpYXQiOjE1OTUzOTAzNTd9.zSsgeWLTYh2w2UoZDGhS9tULT10KfpHJUQGcL-pUpio HTTP/1.1" 400 7583 "-" "Mozilla/5.0 (Windows NT 10.0; Win64; x64) AppleWebKit/537.36 (KHTML, like Gecko) Chrome/83.0.4103.116 Safari/537.36"
::1 - - [22/Jul/2020:04:23:27 +0000] "GET /auth/confirmation/waldomilanes@gmail.com/5f17b9952ee5f64c7823c6d0/eyJhbGciOiJIUzI1NiIsInR5cCI6IkpXVCJ9.eyJlbWFpbCI6IndhbGRvbWlsYW5lc0BnbWFpbC5jb20iLCJfaWQiOiI1ZjE3Yjk5NTJlZTVmNjRjNzgyM2M2ZDAiLCJpYXQiOjE1OTUzOTAzNTd9.zSsgeWLTYh2w2UoZDGhS9tULT10KfpHJUQGcL-pUpio HTTP/1.1" 400 7583 "-" "Mozilla/5.0 (Windows NT 10.0; Win64; x64) AppleWebKit/537.36 (KHTML, like Gecko) Chrome/83.0.4103.116 Safari/537.36"
::1 - - [22/Jul/2020:04:23:29 +0000] "GET /auth/confirmation/waldomilanes@gmail.com/5f17b9952ee5f64c7823c6d0/eyJhbGciOiJIUzI1NiIsInR5cCI6IkpXVCJ9.eyJlbWFpbCI6IndhbGRvbWlsYW5lc0BnbWFpbC5jb20iLCJfaWQiOiI1ZjE3Yjk5NTJlZTVmNjRjNzgyM2M2ZDAiLCJpYXQiOjE1OTUzOTAzNTd9.zSsgeWLTYh2w2UoZDGhS9tULT10KfpHJUQGcL-pUpio HTTP/1.1" 400 7583 "-" "Mozilla/5.0 (Windows NT 10.0; Win64; x64) AppleWebKit/537.36 (KHTML, like Gecko) Chrome/83.0.4103.116 Safari/537.36"
::ffff:127.0.0.1 - - [22/Jul/2020:04:24:10 +0000] "GET /auth/confirmation/waldomilanes@gmail.com/5f17b9952ee5f64c7823c6d0/eyJhbGciOiJIUzI1NiIsInR5cCI6IkpXVCJ9.eyJlbWFpbCI6IndhbGRvbWlsYW5lc0BnbWFpbC5jb20iLCJfaWQiOiI1ZjE3Yjk5NTJlZTVmNjRjNzgyM2M2ZDAiLCJpYXQiOjE1OTUzOTAzNTd9.zSsgeWLTYh2w2UoZDGhS9tULT10KfpHJUQGcL-pUpio HTTP/1.1" 400 7583 "-" "Mozilla/5.0 (Windows NT 10.0; Win64; x64) AppleWebKit/537.36 (KHTML, like Gecko) Chrome/83.0.4103.116 Safari/537.36"
::ffff:127.0.0.1 - - [22/Jul/2020:04:24:13 +0000] "GET /auth/confirmation/waldomilanes@gmail.com/5f17b9952ee5f64c7823c6d0/eyJhbGciOiJIUzI1NiIsInR5cCI6IkpXVCJ9.eyJlbWFpbCI6IndhbGRvbWlsYW5lc0BnbWFpbC5jb20iLCJfaWQiOiI1ZjE3Yjk5NTJlZTVmNjRjNzgyM2M2ZDAiLCJpYXQiOjE1OTUzOTAzNTd9.zSsgeWLTYh2w2UoZDGhS9tULT10KfpHJUQGcL-pUpio HTTP/1.1" 400 7583 "-" "Mozilla/5.0 (Windows NT 10.0; Win64; x64) AppleWebKit/537.36 (KHTML, like Gecko) Chrome/83.0.4103.116 Safari/537.36"
::1 - - [22/Jul/2020:04:25:13 +0000] "GET /auth/confirmation/waldomilanes@gmail.com/5f17b9952ee5f64c7823c6d0/eyJhbGciOiJIUzI1NiIsInR5cCI6IkpXVCJ9.eyJlbWFpbCI6IndhbGRvbWlsYW5lc0BnbWFpbC5jb20iLCJfaWQiOiI1ZjE3Yjk5NTJlZTVmNjRjNzgyM2M2ZDAiLCJpYXQiOjE1OTUzOTAzNTd9.zSsgeWLTYh2w2UoZDGhS9tULT10KfpHJUQGcL-pUpio HTTP/1.1" 400 7589 "-" "Mozilla/5.0 (Windows NT 10.0; Win64; x64) AppleWebKit/537.36 (KHTML, like Gecko) Chrome/83.0.4103.116 Safari/537.36"
::1 - - [22/Jul/2020:04:25:51 +0000] "GET /auth/confirmation/waldomilanes@gmail.com/5f17b9952ee5f64c7823c6d/eyJhbGciOiJIUzI1NiIsInR5cCI6IkpXVCJ9.eyJlbWFpbCI6IndhbGRvbWlsYW5lc0BnbWFpbC5jb20iLCJfaWQiOiI1ZjE3Yjk5NTJlZTVmNjRjNzgyM2M2ZDAiLCJpYXQiOjE1OTUzOTAzNTd9.zSsgeWLTYh2w2UoZDGhS9tULT10KfpHJUQGcL-pUpio HTTP/1.1" 400 7485 "-" "Mozilla/5.0 (Windows NT 10.0; Win64; x64) AppleWebKit/537.36 (KHTML, like Gecko) Chrome/83.0.4103.116 Safari/537.36"
::1 - - [22/Jul/2020:04:25:55 +0000] "GET /auth/confirmation/waldomilanes@gmail.com/5f17b9952ee5f64c7823c6d0/eyJhbGciOiJIUzI1NiIsInR5cCI6IkpXVCJ9.eyJlbWFpbCI6IndhbGRvbWlsYW5lc0BnbWFpbC5jb20iLCJfaWQiOiI1ZjE3Yjk5NTJlZTVmNjRjNzgyM2M2ZDAiLCJpYXQiOjE1OTUzOTAzNTd9.zSsgeWLTYh2w2UoZDGhS9tULT10KfpHJUQGcL-pUpio HTTP/1.1" 400 7589 "-" "Mozilla/5.0 (Windows NT 10.0; Win64; x64) AppleWebKit/537.36 (KHTML, like Gecko) Chrome/83.0.4103.116 Safari/537.36"
::1 - - [22/Jul/2020:04:28:32 +0000] "GET /auth/confirmation/waldomilanes@gmail.com/5f17b9952ee5f64c7823c6d0/eyJhbGciOiJIUzI1NiIsInR5cCI6IkpXVCJ9.eyJlbWFpbCI6IndhbGRvbWlsYW5lc0BnbWFpbC5jb20iLCJfaWQiOiI1ZjE3Yjk5NTJlZTVmNjRjNzgyM2M2ZDAiLCJpYXQiOjE1OTUzOTAzNTd9.zSsgeWLTYh2w2UoZDGhS9tULT10KfpHJUQGcL-pUpio HTTP/1.1" 400 7646 "-" "Mozilla/5.0 (Windows NT 10.0; Win64; x64) AppleWebKit/537.36 (KHTML, like Gecko) Chrome/83.0.4103.116 Safari/537.36"
::1 - - [22/Jul/2020:04:34:41 +0000] "GET /auth/confirmation/waldomilanes@gmail.com/5f17b9952ee5f64c7823c6d0/eyJhbGciOiJIUzI1NiIsInR5cCI6IkpXVCJ9.eyJlbWFpbCI6IndhbGRvbWlsYW5lc0BnbWFpbC5jb20iLCJfaWQiOiI1ZjE3Yjk5NTJlZTVmNjRjNzgyM2M2ZDAiLCJpYXQiOjE1OTUzOTAzNTd9.zSsgeWLTYh2w2UoZDGhS9tULT10KfpHJUQGcL-pUpio HTTP/1.1" 400 7679 "-" "Mozilla/5.0 (Windows NT 10.0; Win64; x64) AppleWebKit/537.36 (KHTML, like Gecko) Chrome/83.0.4103.116 Safari/537.36"
::1 - - [22/Jul/2020:04:35:56 +0000] "GET /auth/confirmation/waldomilanes@gmail.com/5f17b9952ee5f64c7823c6d0/eyJhbGciOiJIUzI1NiIsInR5cCI6IkpXVCJ9.eyJlbWFpbCI6IndhbGRvbWlsYW5lc0BnbWFpbC5jb20iLCJfaWQiOiI1ZjE3Yjk5NTJlZTVmNjRjNzgyM2M2ZDAiLCJpYXQiOjE1OTUzOTAzNTd9.zSsgeWLTYh2w2UoZDGhS9tULT10KfpHJUQGcL-pUpio HTTP/1.1" 400 7739 "-" "Mozilla/5.0 (Windows NT 10.0; Win64; x64) AppleWebKit/537.36 (KHTML, like Gecko) Chrome/83.0.4103.116 Safari/537.36"
::1 - - [22/Jul/2020:04:36:10 +0000] "GET /auth/confirmation/waldomilanes@gmail.com/5f17b9952ee5f64c7823c6d0/eyJhbGciOiJIUzI1NiIsInR5cCI6IkpXVCJ9.eyJlbWFpbCI6IndhbGRvbWlsYW5lc0BnbWFpbC5jb20iLCJfaWQiOiI1ZjE3Yjk5NTJlZTVmNjRjNzgyM2M2ZDAiLCJpYXQiOjE1OTUzOTAzNTd9.zSsgeWLTYh2w2UoZDGhS9tULT10KfpHJUQGcL-pUpio HTTP/1.1" 400 7739 "-" "Mozilla/5.0 (Windows NT 10.0; Win64; x64) AppleWebKit/537.36 (KHTML, like Gecko) Chrome/83.0.4103.116 Safari/537.36"
::1 - - [22/Jul/2020:04:36:38 +0000] "GET /auth/confirmation/waldomilanes@gmail.co/5f17b9952ee5f64c7823c6d0/eyJhbGciOiJIUzI1NiIsInR5cCI6IkpXVCJ9.eyJlbWFpbCI6IndhbGRvbWlsYW5lc0BnbWFpbC5jb20iLCJfaWQiOiI1ZjE3Yjk5NTJlZTVmNjRjNzgyM2M2ZDAiLCJpYXQiOjE1OTUzOTAzNTd9.zSsgeWLTYh2w2UoZDGhS9tULT10KfpHJUQGcL-pUpio HTTP/1.1" 400 7542 "-" "Mozilla/5.0 (Windows NT 10.0; Win64; x64) AppleWebKit/537.36 (KHTML, like Gecko) Chrome/83.0.4103.116 Safari/537.36"
::1 - - [22/Jul/2020:04:37:20 +0000] "GET /auth/confirmation/waldomilanes@gmail.co/5f17b9952ee5f64c7823c6d0/eyJhbGciOiJIUzI1NiIsInR5cCI6IkpXVCJ9.eyJlbWFpbCI6IndhbGRvbWlsYW5lc0BnbWFpbC5jb20iLCJfaWQiOiI1ZjE3Yjk5NTJlZTVmNjRjNzgyM2M2ZDAiLCJpYXQiOjE1OTUzOTAzNTd9.zSsgeWLTYh2w2UoZDGhS9tULT10KfpHJUQGcL-pUpio HTTP/1.1" 400 7542 "-" "Mozilla/5.0 (Windows NT 10.0; Win64; x64) AppleWebKit/537.36 (KHTML, like Gecko) Chrome/83.0.4103.116 Safari/537.36"
::1 - - [22/Jul/2020:04:37:41 +0000] "GET /auth/confirmation/waldomilanes@gmail.com/5f17b9952ee5f64c7823c6d0/eyJhbGciOiJIUzI1NiIsInR5cCI6IkpXVCJ9.eyJlbWFpbCI6IndhbGRvbWlsYW5lc0BnbWFpbC5jb20iLCJfaWQiOiI1ZjE3Yjk5NTJlZTVmNjRjNzgyM2M2ZDAiLCJpYXQiOjE1OTUzOTAzNTd9.zSsgeWLTYh2w2UoZDGhS9tULT10KfpHJUQGcL-pUpio HTTP/1.1" 400 7739 "-" "Mozilla/5.0 (Windows NT 10.0; Win64; x64) AppleWebKit/537.36 (KHTML, like Gecko) Chrome/83.0.4103.116 Safari/537.36"
::1 - - [22/Jul/2020:04:37:47 +0000] "GET /auth/confirmation/waldomilanes@gmail.com/5f17b9952ee5f64c7823c6d0/eyJhbGciOiJIUzI1NiIsInR5cCI6IkpXVCJ9.eyJlbWFpbCI6IndhbGRvbWlsYW5lc0BnbWFpbC5jb20iLCJfaWQiOiI1ZjE3Yjk5NTJlZTVmNjRjNzgyM2M2ZDAiLCJpYXQiOjE1OTUzOTAzNTd9.zSsgeWLTYh2w2UoZDGhS9tULT10KfpHJUQGcL-pUpio HTTP/1.1" 400 7739 "-" "Mozilla/5.0 (Windows NT 10.0; Win64; x64) AppleWebKit/537.36 (KHTML, like Gecko) Chrome/83.0.4103.116 Safari/537.36"
::1 - - [22/Jul/2020:04:38:02 +0000] "GET /auth/confirmation/waldomilanes@gmail.com/5f17b9952ee5f64c7823c6d0/eyJhbGciOiJIUzI1NiIsInR5cCI6IkpXVCJ9.eyJlbWFpbCI6IndhbGRvbWlsYW5lc0BnbWFpbC5jb20iLCJfaWQiOiI1ZjE3Yjk5NTJlZTVmNjRjNzgyM2M2ZDAiLCJpYXQiOjE1OTUzOTAzNTd9.zSsgeWLTYh2w2UoZDGhS9tULT10KfpHJUQGcL-pUpio HTTP/1.1" 400 7740 "-" "Mozilla/5.0 (Windows NT 10.0; Win64; x64) AppleWebKit/537.36 (KHTML, like Gecko) Chrome/83.0.4103.116 Safari/537.36"
::1 - - [22/Jul/2020:04:38:20 +0000] "GET /auth/confirmation/waldomilanes@gmail.com/5f17b9952ee5f64c7823c6d0/eyJhbGciOiJIUzI1NiIsInR5cCI6IkpXVCJ9.eyJlbWFpbCI6IndhbGRvbWlsYW5lc0BnbWFpbC5jb20iLCJfaWQiOiI1ZjE3Yjk5NTJlZTVmNjRjNzgyM2M2ZDAiLCJpYXQiOjE1OTUzOTAzNTd9.zSsgeWLTYh2w2UoZDGhS9tULT10KfpHJUQGcL-pUpio HTTP/1.1" 400 7740 "-" "Mozilla/5.0 (Windows NT 10.0; Win64; x64) AppleWebKit/537.36 (KHTML, like Gecko) Chrome/83.0.4103.116 Safari/537.36"
